[35m[Appium][39m Welcome to Appium v1.22.3
[35m[Appium][39m Non-default server args:
[35m[Appium][39m   port: 50845
[35m[Appium][39m   tmpDir: C:\Users\User\AppData\Local\Temp\\Katalon\Appium\Temp1690099548140
[35m[Appium][39m   chromedriverPort: 50846
[35m[Appium][39m Deprecated server args:
[35m[Appium][39m   [31m--chromedriver-port[39m => --default-capabilities
[35m[Appium][39m Default capabilities, which will be added to each request unless overridden by desired capabilities:
[35m[Appium][39m   chromedriverPort: 50846
[35m[Appium][39m Appium REST http interface listener started on 0.0.0.0:50845
[35m[HTTP][39m [37m-->[39m [37mGET[39m [37m/wd/hub/status[39m
[35m[HTTP][39m [90m{}[39m
[debug] [35m[GENERIC][39m Calling AppiumDriver.getStatus() with args: []
[debug] [35m[GENERIC][39m Responding to client with driver.getStatus() result: {"build":{"version":"1.22.3"}}
[35m[HTTP][39m [37m<-- GET /wd/hub/status [39m[32m200[39m [90m6 ms - 68[39m
[35m[HTTP][39m [90m[39m
[35m[HTTP][39m [37m-->[39m [37mGET[39m [37m/wd/hub/status[39m
[35m[HTTP][39m [90m{}[39m
[debug] [35m[GENERIC][39m Calling AppiumDriver.getStatus() with args: []
[debug] [35m[GENERIC][39m Responding to client with driver.getStatus() result: {"build":{"version":"1.22.3"}}
[35m[HTTP][39m [37m<-- GET /wd/hub/status [39m[32m200[39m [90m2 ms - 68[39m
[35m[HTTP][39m [90m[39m
[35m[HTTP][39m [37m-->[39m [37mPOST[39m [37m/wd/hub/session[39m
[35m[HTTP][39m [90m{"desiredCapabilities":{"appActivity":".Settings","appPackage":"com.android.settings","newCommandTimeout":1800,"platformVersion":"12","automationName":"uiautomator2","autoGrantPermissions":true,"platformName":"Android","udid":"RR8N3082NVW","deviceName":"samsung SM-M315F (Android 12)","platform":"ANDROID","systemPort":8257},"capabilities":{"firstMatch":[{"appium:appActivity":".Settings","appium:appPackage":"com.android.settings","appium:autoGrantPermissions":true,"appium:automationName":"uiautomator2","appium:deviceName":"samsung SM-M315F (Android 12)","appium:newCommandTimeout":1800,"platform":"ANDROID","platformName":"android","appium:platformVersion":"12","appium:systemPort":8257,"appium:udid":"RR8N3082NVW"}]}}[39m
[debug] [35m[W3C][39m Calling AppiumDriver.createSession() with args: [{"appActivity":".Settings","appPackage":"com.android.settings","newCommandTimeout":1800,"platformVersion":"12","automationName":"uiautomator2","autoGrantPermissions":true,"platformName":"Android","udid":"RR8N3082NVW","deviceName":"samsung SM-M315F (Android 12)","platform":"ANDROID","systemPort":8257},null,{"firstMatch":[{"appium:appActivity":".Settings","appium:appPackage":"com.android.settings","appium:autoGrantPermissions":true,"appium:automationName":"uiautomator2","appium:deviceName":"samsung SM-M315F (Android 12)","appium:newCommandTimeout":1800,"platform":"ANDROID","platformName":"android","appium:platformVersion":"12","appium:systemPort":8257,"appium:udid":"RR8N3082NVW"}]}]
[debug] [35m[BaseDriver][39m Event 'newSessionRequested' logged at 1690099556313 (15:05:56 GMT+0700 (Indochina Time))
[35m[BaseDriver][39m The following capabilities are not standard capabilities and should have an extension prefix:
[35m[BaseDriver][39m   platform
[35m[BaseDriver][39m   chromedriverPort
[35m[Appium][39m Appium v1.22.3 creating new AndroidUiautomator2Driver (v1.70.1) session
[debug] [35m[BaseDriver][39m W3C capabilities and MJSONWP desired capabilities were provided
[debug] [35m[BaseDriver][39m Creating session with W3C capabilities: {
[debug] [35m[BaseDriver][39m   "alwaysMatch": {
[debug] [35m[BaseDriver][39m     "appium:platform": "ANDROID",
[debug] [35m[BaseDriver][39m     "platformName": "android",
[debug] [35m[BaseDriver][39m     "appium:chromedriverPort": 50846,
[debug] [35m[BaseDriver][39m     "appium:appActivity": ".Settings",
[debug] [35m[BaseDriver][39m     "appium:appPackage": "com.android.settings",
[debug] [35m[BaseDriver][39m     "appium:autoGrantPermissions": true,
[debug] [35m[BaseDriver][39m     "appium:automationName": "uiautomator2",
[debug] [35m[BaseDriver][39m     "appium:deviceName": "samsung SM-M315F (Android 12)",
[debug] [35m[BaseDriver][39m     "appium:newCommandTimeout": 1800,
[debug] [35m[BaseDriver][39m     "appium:platformVersion": "12",
[debug] [35m[BaseDriver][39m     "appium:systemPort": 8257,
[debug] [35m[BaseDriver][39m     "appium:udid": "RR8N3082NVW"
[debug] [35m[BaseDriver][39m   },
[debug] [35m[BaseDriver][39m   "firstMatch": [
[debug] [35m[BaseDriver][39m     {}
[debug] [35m[BaseDriver][39m   ]
[debug] [35m[BaseDriver][39m }
[35m[BaseDriver][39m The following capabilities were provided, but are not recognized by Appium:
[35m[BaseDriver][39m   platform
[35m[BaseDriver][39m Session created with session id: 14104a8c-f6c3-4a68-aa46-6b9e551ae14b
[35m[UiAutomator2][39m Starting 'com.android.settings' directly on the device
[35m[ADB][39m Found 1 'build-tools' folders under 'C:\Users\User\AppData\Local' (newest first):
[35m[ADB][39m     C:/Users/User/AppData/Local/build-tools/34.0.0
[35m[ADB][39m Using 'adb.exe' from 'C:\Users\User\AppData\Local\platform-tools\adb.exe'
[debug] [35m[ADB][39m Running 'C:\Users\User\AppData\Local\platform-tools\adb.exe -P 5037 start-server'
[35m[AndroidDriver][39m Retrieving device list
[debug] [35m[ADB][39m Trying to find a connected android device
[debug] [35m[ADB][39m Getting connected devices
[debug] [35m[ADB][39m Connected devices: [{"udid":"RR8N3082NVW","state":"device"}]
[35m[AndroidDriver][39m Using device: RR8N3082NVW
[35m[ADB][39m Using 'adb.exe' from 'C:\Users\User\AppData\Local\platform-tools\adb.exe'
[debug] [35m[ADB][39m Running 'C:\Users\User\AppData\Local\platform-tools\adb.exe -P 5037 start-server'
[debug] [35m[ADB][39m Setting device id to RR8N3082NVW
[debug] [35m[ADB][39m Running 'C:\Users\User\AppData\Local\platform-tools\adb.exe -P 5037 -s RR8N3082NVW shell getprop ro.build.version.sdk'
[debug] [35m[ADB][39m Current device property 'ro.build.version.sdk': 31
[35m[ADB][39m Getting device platform version
[debug] [35m[ADB][39m Running 'C:\Users\User\AppData\Local\platform-tools\adb.exe -P 5037 -s RR8N3082NVW shell getprop ro.build.version.release'
[debug] [35m[ADB][39m Current device property 'ro.build.version.release': 12
[debug] [35m[ADB][39m Device API level: 31
[35m[UiAutomator2][39m Relaxing hidden api policy
[debug] [35m[ADB][39m Running 'C:\Users\User\AppData\Local\platform-tools\adb.exe -P 5037 -s RR8N3082NVW shell 'settings put global hidden_api_policy_pre_p_apps 1;settings put global hidden_api_policy_p_apps 1;settings put global hidden_api_policy 1''
[35m[AndroidDriver][39m No app sent in, not parsing package/activity
[debug] [35m[ADB][39m Running 'C:\Users\User\AppData\Local\platform-tools\adb.exe -P 5037 -s RR8N3082NVW wait-for-device'
[debug] [35m[ADB][39m Running 'C:\Users\User\AppData\Local\platform-tools\adb.exe -P 5037 -s RR8N3082NVW shell echo ping'
[debug] [35m[AndroidDriver][39m Pushing settings apk to device...
[debug] [35m[ADB][39m Getting install status for io.appium.settings
[debug] [35m[ADB][39m Running 'C:\Users\User\AppData\Local\platform-tools\adb.exe -P 5037 -s RR8N3082NVW shell dumpsys package io.appium.settings'
[debug] [35m[ADB][39m 'io.appium.settings' is installed
[debug] [35m[ADB][39m Getting package info for 'io.appium.settings'
[debug] [35m[ADB][39m Running 'C:\Users\User\AppData\Local\platform-tools\adb.exe -P 5037 -s RR8N3082NVW shell dumpsys package io.appium.settings'
[debug] [35m[ADB][39m The version name of the installed 'io.appium.settings' is greater or equal to the application version name ('3.4.0' >= '3.4.0')
[debug] [35m[ADB][39m There is no need to install/upgrade 'C:\Users\User\AppData\Roaming\npm\node_modules\appium\node_modules\io.appium.settings\apks\settings_apk-debug.apk'
[debug] [35m[ADB][39m Getting IDs of all 'io.appium.settings' processes
[debug] [35m[ADB][39m Running 'C:\Users\User\AppData\Local\platform-tools\adb.exe -P 5037 -s RR8N3082NVW shell 'pgrep --help; echo $?''
[debug] [35m[ADB][39m Running 'C:\Users\User\AppData\Local\platform-tools\adb.exe -P 5037 -s RR8N3082NVW shell pgrep -f \(\[\[:blank:\]\]\|\^\)io\.appium\.settings\(\[\[:blank:\]\]\|\$\)'
[debug] [35m[AndroidDriver][39m io.appium.settings is already running. There is no need to reset its permissions.
[debug] [35m[ADB][39m Running 'C:\Users\User\AppData\Local\platform-tools\adb.exe -P 5037 -s RR8N3082NVW shell appops set io.appium.settings android:mock_location allow'
[debug] [35m[Logcat][39m Starting logs capture with command: C:\\Users\\User\\AppData\\Local\\platform-tools\\adb.exe -P 5037 -s RR8N3082NVW logcat -v threadtime
[debug] [35m[UiAutomator2][39m Forwarding UiAutomator2 Server port 6790 to local port 8257
[debug] [35m[ADB][39m Forwarding system: 8257 to device: 6790
[debug] [35m[ADB][39m Running 'C:\Users\User\AppData\Local\platform-tools\adb.exe -P 5037 -s RR8N3082NVW forward tcp:8257 tcp:6790'
[debug] [35m[ADB][39m Getting install status for io.appium.uiautomator2.server
[debug] [35m[ADB][39m Running 'C:\Users\User\AppData\Local\platform-tools\adb.exe -P 5037 -s RR8N3082NVW shell dumpsys package io.appium.uiautomator2.server'
[debug] [35m[ADB][39m 'io.appium.uiautomator2.server' is installed
[debug] [35m[ADB][39m Getting package info for 'io.appium.uiautomator2.server'
[debug] [35m[ADB][39m Running 'C:\Users\User\AppData\Local\platform-tools\adb.exe -P 5037 -s RR8N3082NVW shell dumpsys package io.appium.uiautomator2.server'
[debug] [35m[ADB][39m The version name of the installed 'io.appium.uiautomator2.server' is greater or equal to the application version name ('4.27.0' >= '4.27.0')
[debug] [35m[UiAutomator2][39m io.appium.uiautomator2.server installation state: sameVersionInstalled
[debug] [35m[ADB][39m Checking app cert for C:\Users\User\AppData\Roaming\npm\node_modules\appium\node_modules\appium-uiautomator2-server\apks\appium-uiautomator2-server-v4.27.0.apk
[35m[ADB][39m Using 'apksigner.jar' from 'C:\Users\User\AppData\Local\build-tools\34.0.0\lib\apksigner.jar'
[debug] [35m[ADB][39m Starting apksigner: C:\\Users\\User\\AppData\\Local\\Temp\\Rar\$EXa13216.18648\\Katalon_Studio_Windows_64-8.6.5\\jre\\bin\\java.exe -Xmx1024M -Xss1m -jar C:\\Users\\User\\AppData\\Local\\build-tools\\34.0.0\\lib\\apksigner.jar verify --print-certs C:\\Users\\User\\AppData\\Roaming\\npm\\node_modules\\appium\\node_modules\\appium-uiautomator2-server\\apks\\appium-uiautomator2-server-v4.27.0.apk
[debug] [35m[ADB][39m apksigner stdout: Signer #1 certificate DN: EMAILADDRESS=android@android.com, CN=Android, OU=Android, O=Android, L=Mountain View, ST=California, C=US
[debug] [35m[ADB][39m Signer #1 certificate SHA-256 digest: a40da80a59d170caa950cf15c18c454d47a39b26989d8b640ecd745ba71bf5dc
[debug] [35m[ADB][39m Signer #1 certificate SHA-1 digest: 61ed377e85d386a8dfee6b864bd85b0bfaa5af81
[debug] [35m[ADB][39m Signer #1 certificate MD5 digest: e89b158e4bcf988ebd09eb83f5378e87
[debug] [35m[ADB][39m 
[debug] [35m[ADB][39m sha256 hash did match for 'appium-uiautomator2-server-v4.27.0.apk'
[35m[ADB][39m 'C:\Users\User\AppData\Roaming\npm\node_modules\appium\node_modules\appium-uiautomator2-server\apks\appium-uiautomator2-server-v4.27.0.apk' is signed with the default certificate
[debug] [35m[ADB][39m Getting install status for io.appium.uiautomator2.server.test
[debug] [35m[ADB][39m Running 'C:\Users\User\AppData\Local\platform-tools\adb.exe -P 5037 -s RR8N3082NVW shell dumpsys package io.appium.uiautomator2.server.test'
[debug] [35m[ADB][39m 'io.appium.uiautomator2.server.test' is installed
[debug] [35m[ADB][39m Checking app cert for C:\Users\User\AppData\Roaming\npm\node_modules\appium\node_modules\appium-uiautomator2-server\apks\appium-uiautomator2-server-debug-androidTest.apk
[debug] [35m[ADB][39m Starting apksigner: C:\\Users\\User\\AppData\\Local\\Temp\\Rar\$EXa13216.18648\\Katalon_Studio_Windows_64-8.6.5\\jre\\bin\\java.exe -Xmx1024M -Xss1m -jar C:\\Users\\User\\AppData\\Local\\build-tools\\34.0.0\\lib\\apksigner.jar verify --print-certs C:\\Users\\User\\AppData\\Roaming\\npm\\node_modules\\appium\\node_modules\\appium-uiautomator2-server\\apks\\appium-uiautomator2-server-debug-androidTest.apk
[debug] [35m[ADB][39m apksigner stdout: Signer #1 certificate DN: EMAILADDRESS=android@android.com, CN=Android, OU=Android, O=Android, L=Mountain View, ST=California, C=US
[debug] [35m[ADB][39m Signer #1 certificate SHA-256 digest: a40da80a59d170caa950cf15c18c454d47a39b26989d8b640ecd745ba71bf5dc
[debug] [35m[ADB][39m Signer #1 certificate SHA-1 digest: 61ed377e85d386a8dfee6b864bd85b0bfaa5af81
[debug] [35m[ADB][39m Signer #1 certificate MD5 digest: e89b158e4bcf988ebd09eb83f5378e87
[debug] [35m[ADB][39m 
[debug] [35m[ADB][39m sha256 hash did match for 'appium-uiautomator2-server-debug-androidTest.apk'
[35m[ADB][39m 'C:\Users\User\AppData\Roaming\npm\node_modules\appium\node_modules\appium-uiautomator2-server\apks\appium-uiautomator2-server-debug-androidTest.apk' is signed with the default certificate
[35m[UiAutomator2][39m Server packages are not going to be (re)installed
[debug] [35m[UiAutomator2][39m Waiting up to 30000ms for services to be available
[debug] [35m[ADB][39m Running 'C:\Users\User\AppData\Local\platform-tools\adb.exe -P 5037 -s RR8N3082NVW shell pm list instrumentation'
[debug] [35m[UiAutomator2][39m Instrumentation target 'io.appium.uiautomator2.server.test/androidx.test.runner.AndroidJUnitRunner' is available
[35m[ADB][39m Adding packages ["io.appium.settings","io.appium.uiautomator2.server","io.appium.uiautomator2.server.test"] to Doze whitelist
[debug] [35m[ADB][39m Got the following command chunks to execute: [["dumpsys","deviceidle","whitelist","+io.appium.settings",";","dumpsys","deviceidle","whitelist","+io.appium.uiautomator2.server",";","dumpsys","deviceidle","whitelist","+io.appium.uiautomator2.server.test",";"]]
[debug] [35m[ADB][39m Running 'C:\Users\User\AppData\Local\platform-tools\adb.exe -P 5037 -s RR8N3082NVW shell dumpsys deviceidle whitelist +io.appium.settings ; dumpsys deviceidle whitelist +io.appium.uiautomator2.server ; dumpsys deviceidle whitelist +io.appium.uiautomator2.server.test ;'
[debug] [35m[UiAutomator2][39m No app capability. Assuming it is already on the device
[debug] [35m[ADB][39m Getting install status for com.android.settings
[debug] [35m[ADB][39m Running 'C:\Users\User\AppData\Local\platform-tools\adb.exe -P 5037 -s RR8N3082NVW shell dumpsys package com.android.settings'
[debug] [35m[ADB][39m 'com.android.settings' is installed
[debug] [35m[ADB][39m Running 'C:\Users\User\AppData\Local\platform-tools\adb.exe -P 5037 -s RR8N3082NVW shell am force-stop com.android.settings'
[debug] [35m[ADB][39m Running 'C:\Users\User\AppData\Local\platform-tools\adb.exe -P 5037 -s RR8N3082NVW shell pm clear com.android.settings'
[debug] [35m[ADB][39m Running 'C:\Users\User\AppData\Local\platform-tools\adb.exe -P 5037 -s RR8N3082NVW shell dumpsys package com.android.settings'
[debug] [35m[ADB][39m Retrieving requested permissions
[debug] [35m[ADB][39m Retrieved 359 permissions from requested group
[debug] [35m[ADB][39m Retrieving granted permissions
[debug] [35m[ADB][39m Retrieved 271 permissions from install,runtime groups
[debug] [35m[ADB][39m Granting permissions ["android.mcfds.permission.USE_CONTINUITY_PROVIDER","android.mcfds.permission.USE_SAMSUNG_ANALYTICS_LOGGER"] to 'com.android.settings'
[debug] [35m[ADB][39m Got the following command chunks to execute: [["pm","grant","com.android.settings","android.mcfds.permission.USE_CONTINUITY_PROVIDER",";","pm","grant","com.android.settings","android.mcfds.permission.USE_SAMSUNG_ANALYTICS_LOGGER",";"]]
[debug] [35m[ADB][39m Running 'C:\Users\User\AppData\Local\platform-tools\adb.exe -P 5037 -s RR8N3082NVW shell pm grant com.android.settings android.mcfds.permission.USE_CONTINUITY_PROVIDER ; pm grant com.android.settings android.mcfds.permission.USE_SAMSUNG_ANALYTICS_LOGGER ;'
[debug] [35m[AndroidDriver][39m Performed fast reset on the installed 'com.android.settings' application (stop and clear)
[debug] [35m[UiAutomator2][39m Performing shallow cleanup of automation leftovers
[debug] [35m[UiAutomator2][39m The following obsolete sessions are still running: ["08990818-1c15-482e-9b45-e906d44da843"]
[debug] [35m[UiAutomator2][39m Cleaning up 1 obsolete session
[debug] [35m[ADB][39m Running 'C:\Users\User\AppData\Local\platform-tools\adb.exe -P 5037 -s RR8N3082NVW shell am force-stop io.appium.uiautomator2.server.test'
[35m[UiAutomator2][39m Starting UIAutomator2 server 4.27.0
[35m[UiAutomator2][39m Using UIAutomator2 server from 'C:\Users\User\AppData\Roaming\npm\node_modules\appium\node_modules\appium-uiautomator2-server\apks\appium-uiautomator2-server-v4.27.0.apk' and test from 'C:\Users\User\AppData\Roaming\npm\node_modules\appium\node_modules\appium-uiautomator2-server\apks\appium-uiautomator2-server-debug-androidTest.apk'
[35m[UiAutomator2][39m Waiting up to 30000ms for UiAutomator2 to be online...
[debug] [35m[ADB][39m Creating ADB subprocess with args: ["-P",5037,"-s","RR8N3082NVW","shell","am","instrument","-w","-e","disableAnalytics",true,"io.appium.uiautomator2.server.test/androidx.test.runner.AndroidJUnitRunner"]
[debug] [35m[WD Proxy][39m Matched '/status' to command name 'getStatus'
[debug] [35m[WD Proxy][39m Proxying [GET /status] to [GET http://127.0.0.1:8257/wd/hub/status] with no body
[35m[WD Proxy][39m socket hang up
[debug] [35m[WD Proxy][39m Matched '/status' to command name 'getStatus'
[debug] [35m[WD Proxy][39m Proxying [GET /status] to [GET http://127.0.0.1:8257/wd/hub/status] with no body
[35m[WD Proxy][39m socket hang up
[debug] [35m[WD Proxy][39m Matched '/status' to command name 'getStatus'
[debug] [35m[WD Proxy][39m Proxying [GET /status] to [GET http://127.0.0.1:8257/wd/hub/status] with no body
[35m[WD Proxy][39m socket hang up
[debug] [35m[Instrumentation][39m io.appium.uiautomator2.server.test.AppiumUiAutomator2Server:
[debug] [35m[WD Proxy][39m Matched '/status' to command name 'getStatus'
[debug] [35m[WD Proxy][39m Proxying [GET /status] to [GET http://127.0.0.1:8257/wd/hub/status] with no body
[35m[WD Proxy][39m socket hang up
[debug] [35m[WD Proxy][39m Matched '/status' to command name 'getStatus'
[debug] [35m[WD Proxy][39m Proxying [GET /status] to [GET http://127.0.0.1:8257/wd/hub/status] with no body
[debug] [35m[WD Proxy][39m Got response with status 200: {"sessionId":"None","value":{"message":"UiAutomator2 Server is ready to accept commands","ready":true}}
[debug] [35m[UiAutomator2][39m The initialization of the instrumentation process took 4318ms
[debug] [35m[WD Proxy][39m Matched '/session' to command name 'createSession'
[debug] [35m[WD Proxy][39m Proxying [POST /session] to [POST http://127.0.0.1:8257/wd/hub/session] with body: {"capabilities":{"firstMatch":[{"platform":"ANDROID","webStorageEnabled":false,"takesScreenshot":true,"javascriptEnabled":true,"databaseEnabled":false,"networkConnectionEnabled":true,"locationContextEnabled":false,"warnings":{},"desired":{"platformName":"android","platform":"ANDROID","chromedriverPort":50846,"appActivity":".Settings","appPackage":"com.android.settings","autoGrantPermissions":true,"automationName":"uiautomator2","deviceName":"samsung SM-M315F (Android 12)","newCommandTimeout":1800,"platformVersion":"12","systemPort":8257,"udid":"RR8N3082NVW"},"platformName":"android","chromedriverPort":50846,"appActivity":".Settings","appPackage":"com.android.settings","autoGrantPermissions":true,"automationName":"uiautomator2","deviceName":"RR8N3082NVW","newCommandTimeout":1800,"platformVersion":"12","systemPort":8257,"udid":"RR8N3082NVW","deviceUDID":"RR8N3082NVW"}],"alwaysMatch":{}}}
[debug] [35m[WD Proxy][39m Got response with status 200: {"sessionId":"1bddee30-ae1a-40b6-83b4-c689821c6950","value":{"capabilities":{"firstMatch":[{"platform":"ANDROID","webStorageEnabled":false,"takesScreenshot":true,"javascriptEnabled":true,"databaseEnabled":false,"networkConnectionEnabled":true,"locationContextEnabled":false,"warnings":{},"desired":{"platformName":"android","platform":"ANDROID","chromedriverPort":50846,"appActivity":".Settings","appPackage":"com.android.settings","autoGrantPermissions":true,"automationName":"uiautomator2","deviceName":"samsung SM-M315F (Android 12)","newCommandTimeout":1800,"platformVersion":"12","systemPort":8257,"udid":"RR8N3082NVW"},"platformName":"android","chromedriverPort":50846,"appActivity":".Settings","appPackage":"com.android.settings","autoGrantPermissions":true,"automationName":"uiautomator2","deviceName":"RR8N3082NVW","newCommandTimeout":1800,"platformVersion":"12","systemPort":8257,"udid":"RR8N3082NVW","deviceUDID":"RR8N3082NVW"}],"alwaysMatch":{}},"sessionId":"1bddee30-ae1a-40b6-83b4-c689821c6950"}}
[35m[WD Proxy][39m Determined the downstream protocol as 'W3C'
[debug] [35m[WD Proxy][39m Proxying [GET /appium/device/info] to [GET http://127.0.0.1:8257/wd/hub/session/1bddee30-ae1a-40b6-83b4-c689821c6950/appium/device/info] with no body
[debug] [35m[WD Proxy][39m Got response with status 200: {"sessionId":"1bddee30-ae1a-40b6-83b4-c689821c6950","value":{"androidId":"1f5f7f5d2a5bb0ba","apiVersion":"31","bluetooth":{"state":"OFF"},"brand":"samsung","carrierName":"INDOSAT","displayDensity":420,"locale":"en_GB","manufacturer":"samsung","model":"SM-M315F","networks":[{"capabilities":{"SSID":null,"linkDownBandwidthKbps":35912,"linkUpstreamBandwidthKbps":6891,"networkCapabilities":"NET_CAPABILITY_NOT_METERED,NET_CAPABILITY_INTERNET,NET_CAPABILITY_NOT_RESTRICTED,NET_CAPABILITY_TRUSTED,NET_CAPABILITY_NOT_VPN,NET_CAPABILITY_VALIDATED,NET_CAPABILITY_NOT_ROAMING,NET_CAPABILITY_FOREGROUND,NET_CAPABILITY_NOT_CONGESTED,NET_CAPABILITY_NOT_SUSPENDED","signalStrength":-62,"transportTypes":"TRANSPORT_WIFI"},"detailedState":"CONNECTED","extraInfo":"","isAvailable":true,"isConnected":true,"isFailover":false,"isRoaming":false,"state":"CONNECTED","subtype":-1,"subtypeName":"","type":1,"typeName":"WIFI"},{"capabilities":{"SSID":null,"linkDownBandwidthKbps":30000,"linkUpstreamBandwidthKbps":15000,"networkCapabilities":"...
[debug] [35m[ADB][39m Running 'C:\Users\User\AppData\Local\platform-tools\adb.exe -P 5037 -s RR8N3082NVW shell dumpsys window'
[35m[AndroidDriver][39m Screen already unlocked, doing nothing
[35m[UiAutomator2][39m Starting 'com.android.settings/.Settings and waiting for 'com.android.settings/.Settings'
[debug] [35m[ADB][39m Running 'C:\Users\User\AppData\Local\platform-tools\adb.exe -P 5037 -s RR8N3082NVW shell am start -W -n com.android.settings/.Settings -S -a android.intent.action.MAIN -c android.intent.category.LAUNCHER -f 0x10200000'
[debug] [35m[WD Proxy][39m Proxying [GET /appium/device/pixel_ratio] to [GET http://127.0.0.1:8257/wd/hub/session/1bddee30-ae1a-40b6-83b4-c689821c6950/appium/device/pixel_ratio] with no body
[debug] [35m[WD Proxy][39m Got response with status 200: {"sessionId":"1bddee30-ae1a-40b6-83b4-c689821c6950","value":2.625}
[debug] [35m[WD Proxy][39m Matched '/appium/device/system_bars' to command name 'getSystemBars'
[debug] [35m[WD Proxy][39m Proxying [GET /appium/device/system_bars] to [GET http://127.0.0.1:8257/wd/hub/session/1bddee30-ae1a-40b6-83b4-c689821c6950/appium/device/system_bars] with no body
[debug] [35m[WD Proxy][39m Got response with status 200: {"sessionId":"1bddee30-ae1a-40b6-83b4-c689821c6950","value":{"statusBar":78}}
[debug] [35m[WD Proxy][39m Matched '/window/current/size' to command name 'getWindowSize'
[debug] [35m[WD Proxy][39m Proxying [GET /window/current/size] to [GET http://127.0.0.1:8257/wd/hub/session/1bddee30-ae1a-40b6-83b4-c689821c6950/window/current/size] with no body
[debug] [35m[WD Proxy][39m Got response with status 200: {"sessionId":"1bddee30-ae1a-40b6-83b4-c689821c6950","value":{"height":2218,"width":1080}}
[35m[Appium][39m New AndroidUiautomator2Driver session created successfully, session 14104a8c-f6c3-4a68-aa46-6b9e551ae14b added to master session list
[debug] [35m[BaseDriver][39m Event 'newSessionStarted' logged at 1690099573720 (15:06:13 GMT+0700 (Indochina Time))
[debug] [35m[W3C (14104a8c)][39m Cached the protocol value 'W3C' for the new session 14104a8c-f6c3-4a68-aa46-6b9e551ae14b
[debug] [35m[W3C (14104a8c)][39m Responding to client with driver.createSession() result: {"capabilities":{"platform":"ANDROID","webStorageEnabled":false,"takesScreenshot":true,"javascriptEnabled":true,"databaseEnabled":false,"networkConnectionEnabled":true,"locationContextEnabled":false,"warnings":{},"desired":{"platformName":"android","platform":"ANDROID","chromedriverPort":50846,"appActivity":".Settings","appPackage":"com.android.settings","autoGrantPermissions":true,"automationName":"uiautomator2","deviceName":"samsung SM-M315F (Android 12)","newCommandTimeout":1800,"platformVersion":"12","systemPort":8257,"udid":"RR8N3082NVW"},"platformName":"android","chromedriverPort":50846,"appActivity":".Settings","appPackage":"com.android.settings","autoGrantPermissions":true,"automationName":"uiautomator2","deviceName":"RR8N3082NVW","newCommandTimeout":1800,"platformVersion":"12","systemPort":8257,"udid":"RR8N3082NVW","deviceUDID":"RR8N3082NVW","deviceApiLevel":31,"deviceScreenSize":"1080x2340","deviceScreenDensity":420,"deviceModel":"SM-M315F","deviceManufacturer":"samsung","pixelRatio":2.625,"statB...
[35m[HTTP][39m [37m<-- POST /wd/hub/session [39m[32m200[39m [90m17409 ms - 1158[39m
[35m[HTTP][39m [90m[39m
[35m[HTTP][39m [37m-->[39m [37mGET[39m [37m/wd/hub/session/14104a8c-f6c3-4a68-aa46-6b9e551ae14b[39m
[35m[HTTP][39m [90m{}[39m
[debug] [35m[W3C (14104a8c)][39m Calling AppiumDriver.getSession() with args: ["14104a8c-f6c3-4a68-aa46-6b9e551ae14b"]
[debug] [35m[UiAutomator2][39m Getting session details from server to mix in
[debug] [35m[WD Proxy][39m Matched '/' to command name 'getSession'
[debug] [35m[WD Proxy][39m Proxying [GET /] to [GET http://127.0.0.1:8257/wd/hub/session/1bddee30-ae1a-40b6-83b4-c689821c6950] with no body
[debug] [35m[WD Proxy][39m Got response with status 200: {"sessionId":"1bddee30-ae1a-40b6-83b4-c689821c6950","value":{"lastScrollData":null}}
[debug] [35m[W3C (14104a8c)][39m Responding to client with driver.getSession() result: {"platform":"ANDROID","webStorageEnabled":false,"takesScreenshot":true,"javascriptEnabled":true,"databaseEnabled":false,"networkConnectionEnabled":true,"locationContextEnabled":false,"warnings":{},"desired":{"platformName":"android","platform":"ANDROID","chromedriverPort":50846,"appActivity":".Settings","appPackage":"com.android.settings","autoGrantPermissions":true,"automationName":"uiautomator2","deviceName":"samsung SM-M315F (Android 12)","newCommandTimeout":1800,"platformVersion":"12","systemPort":8257,"udid":"RR8N3082NVW"},"platformName":"android","chromedriverPort":50846,"appActivity":".Settings","appPackage":"com.android.settings","autoGrantPermissions":true,"automationName":"uiautomator2","deviceName":"RR8N3082NVW","newCommandTimeout":1800,"platformVersion":"12","systemPort":8257,"udid":"RR8N3082NVW","deviceUDID":"RR8N3082NVW","deviceApiLevel":31,"deviceScreenSize":"1080x2340","deviceScreenDensity":420,"deviceModel":"SM-M315F","deviceManufacturer":"samsung","pixelRatio":2.625,"statBarHeight":78,"vi...
[35m[HTTP][39m [37m<-- GET /wd/hub/session/14104a8c-f6c3-4a68-aa46-6b9e551ae14b [39m[32m200[39m [90m40 ms - 1112[39m
[35m[HTTP][39m [90m[39m
[35m[HTTP][39m [37m-->[39m [37mGET[39m [37m/wd/hub/session/14104a8c-f6c3-4a68-aa46-6b9e551ae14b[39m
[35m[HTTP][39m [90m{}[39m
[debug] [35m[W3C (14104a8c)][39m Calling AppiumDriver.getSession() with args: ["14104a8c-f6c3-4a68-aa46-6b9e551ae14b"]
[debug] [35m[UiAutomator2][39m Getting session details from server to mix in
[debug] [35m[WD Proxy][39m Matched '/' to command name 'getSession'
[debug] [35m[WD Proxy][39m Proxying [GET /] to [GET http://127.0.0.1:8257/wd/hub/session/1bddee30-ae1a-40b6-83b4-c689821c6950] with no body
[debug] [35m[WD Proxy][39m Got response with status 200: {"sessionId":"1bddee30-ae1a-40b6-83b4-c689821c6950","value":{"lastScrollData":null}}
[debug] [35m[W3C (14104a8c)][39m Responding to client with driver.getSession() result: {"platform":"ANDROID","webStorageEnabled":false,"takesScreenshot":true,"javascriptEnabled":true,"databaseEnabled":false,"networkConnectionEnabled":true,"locationContextEnabled":false,"warnings":{},"desired":{"platformName":"android","platform":"ANDROID","chromedriverPort":50846,"appActivity":".Settings","appPackage":"com.android.settings","autoGrantPermissions":true,"automationName":"uiautomator2","deviceName":"samsung SM-M315F (Android 12)","newCommandTimeout":1800,"platformVersion":"12","systemPort":8257,"udid":"RR8N3082NVW"},"platformName":"android","chromedriverPort":50846,"appActivity":".Settings","appPackage":"com.android.settings","autoGrantPermissions":true,"automationName":"uiautomator2","deviceName":"RR8N3082NVW","newCommandTimeout":1800,"platformVersion":"12","systemPort":8257,"udid":"RR8N3082NVW","deviceUDID":"RR8N3082NVW","deviceApiLevel":31,"deviceScreenSize":"1080x2340","deviceScreenDensity":420,"deviceModel":"SM-M315F","deviceManufacturer":"samsung","pixelRatio":2.625,"statBarHeight":78,"vi...
[35m[HTTP][39m [37m<-- GET /wd/hub/session/14104a8c-f6c3-4a68-aa46-6b9e551ae14b [39m[32m200[39m [90m30 ms - 1112[39m
[35m[HTTP][39m [90m[39m
[35m[HTTP][39m [37m-->[39m [37mGET[39m [37m/wd/hub/status[39m
[35m[HTTP][39m [90m{}[39m
[debug] [35m[GENERIC][39m Calling AppiumDriver.getStatus() with args: []
[debug] [35m[GENERIC][39m Responding to client with driver.getStatus() result: {"build":{"version":"1.22.3"}}
[35m[HTTP][39m [37m<-- GET /wd/hub/status [39m[32m200[39m [90m1 ms - 68[39m
[35m[HTTP][39m [90m[39m
[35m[HTTP][39m [37m-->[39m [37mPOST[39m [37m/wd/hub/session/14104a8c-f6c3-4a68-aa46-6b9e551ae14b/timeouts[39m
[35m[HTTP][39m [90m{"implicit":60000}[39m
[debug] [35m[W3C (14104a8c)][39m Calling AppiumDriver.timeouts() with args: [null,null,null,null,60000,"14104a8c-f6c3-4a68-aa46-6b9e551ae14b"]
[debug] [35m[BaseDriver][39m W3C timeout argument: {"implicit":60000}}
[debug] [35m[BaseDriver][39m Set implicit wait to 60000ms
[debug] [35m[W3C (14104a8c)][39m Responding to client with driver.timeouts() result: null
[35m[HTTP][39m [37m<-- POST /wd/hub/session/14104a8c-f6c3-4a68-aa46-6b9e551ae14b/timeouts [39m[32m200[39m [90m6 ms - 14[39m
[35m[HTTP][39m [90m[39m
[35m[HTTP][39m [37m-->[39m [37mGET[39m [37m/wd/hub/session/14104a8c-f6c3-4a68-aa46-6b9e551ae14b/screenshot[39m
[35m[HTTP][39m [90m{}[39m
[debug] [35m[W3C (14104a8c)][39m Calling AppiumDriver.getScreenshot() with args: ["14104a8c-f6c3-4a68-aa46-6b9e551ae14b"]
[debug] [35m[WD Proxy][39m Matched '/screenshot' to command name 'getScreenshot'
[debug] [35m[WD Proxy][39m Proxying [GET /screenshot] to [GET http://127.0.0.1:8257/wd/hub/session/1bddee30-ae1a-40b6-83b4-c689821c6950/screenshot] with no body
[debug] [35m[WD Proxy][39m Got response with status 200: {"sessionId":"1bddee30-ae1a-40b6-83b4-c689821c6950","value":"iVBORw0KGgoAAAANSUhEUgAABDgAAAkkCAYAAAD508+vAAAAAXNSR0IArs4c6QAAAARzQklUCAgI\nCHwIZIgAACAASURBVHic7N17dJTVvcbxZ8iVXEAuCXfIoEUPCREUQjWiBKE9StRaBRS1EKlaC9Ye\nL9jVWiEs6SmCVc8JUisWOFYsqKVVaPGWACKWBFAhAZFChkshJhATkgkhtzl/pPN2Jpkkk3s2fj9r\nsVZm5p139rzMbT/v3r9tKysrcwkAAAAAAMBg3Tq7AQAAAAAAAK1FwAEAAAAAAIxHwAEAAAAAAIxH\nwAEAAAAAAIxHwAEAAAAAAIxHwAEAAAAAAIxHwAEAAAAAAIxHwAEAAAAAAIxHwAEAAAAAAIxHwAEA\nAAAAAIxHwAEAAAAAAIxHwAEAAAAAAIxHwAEAAAAAAIxHwAEAAAAAAIxHwAEAAAAAAIxHwAEAAAAA\nAIxHwAEAAAAAAIxHwAEAAAAAAIxHwAEAAAAAAIxHwAEAAAAAAIxHwAEAAAAAAIxHwAEAAAAAAIxH\nwAEAAAAAAIwX2NkNANrKuXPnVFZWJpfL1ar9hIaGKiIioo1a5R+T294Yp9OpoqIi5efnq7CwUOfO\nnVN1dbWCgoIUFhamPn36qF+/foqMjFT37t07u7kAAAAADEbA8Q3kcrlUXl4um82m0NDQzm5Om6ip\nqdFvf/tb7dq1SzU1Na3a12WXXaYFCxa0UcuaZnLbG1JYWKjNmzfrs88+0z//+U9VVlaqpqbGCnBs\nNpv1LzQ0VDExMUpISNDkyZMvmNckAAD45srIyFBcXJyioqI6uyldSnV1tcrLyxUcHKygoKA2229b\n9m+qq6tVVlamkJAQBQcHt1ELm6+8vFyFhYWqqqqqd1tgYKB69+7N72YfCDj8lJeXp6ysLB09elTz\n5s1r9v3fffddHT58uNn3u/LK...
[debug] [35m[W3C (14104a8c)][39m Responding to client with driver.getScreenshot() result: "iVBORw0KGgoAAAANSUhEUgAABDgAAAkkCAYAAAD508+vAAAAAXNSR0IArs4c6QAAAARzQklUCAgI\nCHwIZIgAACAASURBVHic7N17dJTVvcbxZ8iVXEAuCXfIoEUPCREUQjWiBKE9StRaBRS1EKlaC9Ye\nL9jVWiEs6SmCVc8JUisWOFYsqKVVaPGWACKWBFAhAZFChkshJhATkgkhtzl/pPN2Jpkkk3s2fj9r\nsVZm5p139rzMbT/v3r9tKysrcwkAAAAAAMBg3Tq7AQAAAAAAAK1FwAEAAAAAAIxHwAEAAAAAAIxH\nwAEAAAAAAIxHwAEAAAAAAIxHwAEAAAAAAIxHwAEAAAAAAIxHwAEAAAAAAIxHwAEAAAAAAIxHwAEA\nAAAAAIxHwAEAAAAAAIxHwAEAAAAAAIxHwAEAAAAAAIxHwAEAAAAAAIxHwAEAAAAAAIxHwAEAAAAA\nAIxHwAEAAAAAAIxHwAEAAAAAAIxHwAEAAAAAAIxHwAEAAAAAAIxHwAEAAAAAAIxHwAEAAAAAAIxH\nwAEAAAAAAIwX2NkNANrKuXPnVFZWJpfL1ar9hIaGKiIioo1a5R+T294Yp9OpoqIi5efnq7CwUOfO\nnVN1dbWCgoIUFhamPn36qF+/foqMjFT37t07u7kAAAAADEbA8Q3kcrlUXl4um82m0NDQzm5Om6ip\nqdFvf/tb7dq1SzU1Na3a12WXXaYFCxa0UcuaZnLbG1JYWKjNmzfrs88+0z//+U9VVlaqpqbGCnBs\nNpv1LzQ0VDExMUpISNDkyZMvmNckAAD45srIyFBcXJyioqI6uyldSnV1tcrLyxUcHKygoKA2229b\n9m+qq6tVVlamkJAQBQcHt1ELm6+8vFyFhYWqqqqqd1tgYKB69+7N72YfCDj8lJeXp6ysLB09elTz\n5s1r9v3fffddHT58uNn3u/LKKzV+/Phm36+u8vJyffLJJ9q9e7c+++wznTt3TpIUGRmpK664Qlde\neaUSEh...
[35m[HTTP][39m [37m<-- GET /wd/hub/session/14104a8c-f6c3-4a68-aa46-6b9e551ae14b/screenshot [39m[32m200[39m [90m904 ms - 199438[39m
[35m[HTTP][39m [90m[39m
[35m[HTTP][39m [37m-->[39m [37mGET[39m [37m/wd/hub/session/14104a8c-f6c3-4a68-aa46-6b9e551ae14b/window/rect[39m
[35m[HTTP][39m [90m{}[39m
[debug] [35m[W3C (14104a8c)][39m Calling AppiumDriver.getWindowRect() with args: ["14104a8c-f6c3-4a68-aa46-6b9e551ae14b"]
[debug] [35m[WD Proxy][39m Matched '/window/current/size' to command name 'getWindowSize'
[debug] [35m[WD Proxy][39m Proxying [GET /window/current/size] to [GET http://127.0.0.1:8257/wd/hub/session/1bddee30-ae1a-40b6-83b4-c689821c6950/window/current/size] with no body
[debug] [35m[WD Proxy][39m Got response with status 200: {"sessionId":"1bddee30-ae1a-40b6-83b4-c689821c6950","value":{"height":2218,"width":1080}}
[debug] [35m[W3C (14104a8c)][39m Responding to client with driver.getWindowRect() result: {"width":1080,"height":2218,"x":0,"y":0}
[35m[HTTP][39m [37m<-- GET /wd/hub/session/14104a8c-f6c3-4a68-aa46-6b9e551ae14b/window/rect [39m[32m200[39m [90m31 ms - 50[39m
[35m[HTTP][39m [90m[39m
[35m[HTTP][39m [37m-->[39m [37mGET[39m [37m/wd/hub/session/14104a8c-f6c3-4a68-aa46-6b9e551ae14b/appium/device/system_bars[39m
[35m[HTTP][39m [90m{}[39m
[debug] [35m[W3C (14104a8c)][39m Calling AppiumDriver.getSystemBars() with args: ["14104a8c-f6c3-4a68-aa46-6b9e551ae14b"]
[debug] [35m[ADB][39m Running 'C:\Users\User\AppData\Local\platform-tools\adb.exe -P 5037 -s RR8N3082NVW shell dumpsys window windows'
[debug] [35m[W3C (14104a8c)][39m Responding to client with driver.getSystemBars() result: {"statusBar":{"visible":true,"x":0,"y":0,"width":null,"height":1},"navigationBar":{"visible":true,"x":0,"y":0,"width":null,"height":1}}
[35m[HTTP][39m [37m<-- GET /wd/hub/session/14104a8c-f6c3-4a68-aa46-6b9e551ae14b/appium/device/system_bars [39m[32m200[39m [90m151 ms - 145[39m
[35m[HTTP][39m [90m[39m
[35m[HTTP][39m [37m-->[39m [37mPOST[39m [37m/wd/hub/session/14104a8c-f6c3-4a68-aa46-6b9e551ae14b/appium/device/activate_app[39m
[35m[HTTP][39m [90m{"bundleId":"id.binar.fp.secondhand"}[39m
[debug] [35m[W3C (14104a8c)][39m Calling AppiumDriver.activateApp() with args: ["id.binar.fp.secondhand",null,null,null,"14104a8c-f6c3-4a68-aa46-6b9e551ae14b"]
[debug] [35m[AndroidDriver][39m Activating 'id.binar.fp.secondhand' with 'adb shell monkey -p id.binar.fp.secondhand -c android.intent.category.LAUNCHER 1' command
[debug] [35m[ADB][39m Running 'C:\Users\User\AppData\Local\platform-tools\adb.exe -P 5037 -s RR8N3082NVW shell monkey -p id.binar.fp.secondhand -c android.intent.category.LAUNCHER 1'
[debug] [35m[AndroidDriver][39m Command stdout: bash arg: -p
[debug] [35m[AndroidDriver][39m   bash arg: id.binar.fp.secondhand
[debug] [35m[AndroidDriver][39m   bash arg: -c
[debug] [35m[AndroidDriver][39m   bash arg: android.intent.category.LAUNCHER
[debug] [35m[AndroidDriver][39m   bash arg: 1
[debug] [35m[AndroidDriver][39m Events injected: 1
[debug] [35m[AndroidDriver][39m ## Network stats: elapsed time=224ms (0ms mobile, 0ms wifi, 224ms not connected)
[debug] [35m[W3C (14104a8c)][39m Responding to client with driver.activateApp() result: null
[35m[HTTP][39m [37m<-- POST /wd/hub/session/14104a8c-f6c3-4a68-aa46-6b9e551ae14b/appium/device/activate_app [39m[32m200[39m [90m1042 ms - 14[39m
[35m[HTTP][39m [90m[39m
[35m[HTTP][39m [37m-->[39m [37mGET[39m [37m/wd/hub/session/14104a8c-f6c3-4a68-aa46-6b9e551ae14b/source[39m
[35m[HTTP][39m [90m{}[39m
[35m[W3C (14104a8c)][39m Driver proxy active, passing request on via HTTP proxy
[debug] [35m[WD Proxy][39m Matched '/wd/hub/session/14104a8c-f6c3-4a68-aa46-6b9e551ae14b/source' to command name 'getPageSource'
[debug] [35m[WD Proxy][39m Proxying [GET /wd/hub/session/14104a8c-f6c3-4a68-aa46-6b9e551ae14b/source] to [GET http://127.0.0.1:8257/wd/hub/session/1bddee30-ae1a-40b6-83b4-c689821c6950/source] with no body
[debug] [35m[WD Proxy][39m Got response with status 200: {"sessionId":"1bddee30-ae1a-40b6-83b4-c689821c6950","value":"<?xml version='1.0' encoding='UTF-8' standalone='yes' ?>\r\n<hierarchy index=\"0\" class=\"hierarchy\" rotation=\"0\" width=\"1080\" height=\"2218\">\r\n  <android.widget.FrameLayout index=\"0\" package=\"id.binar.fp.secondhand\" class=\"android.widget.FrameLayout\" text=\"\" checkable=\"false\" checked=\"false\" clickable=\"false\" enabled=\"true\" focusable=\"false\" focused=\"false\" long-clickable=\"false\" password=\"false\" scrollable=\"false\" selected=\"false\" bounds=\"[0,0][1080,2218]\" displayed=\"true\">\r\n    <android.widget.LinearLayout index=\"0\" package=\"id.binar.fp.secondhand\" class=\"android.widget.LinearLayout\" text=\"\" checkable=\"false\" checked=\"false\" clickable=\"false\" enabled=\"true\" focusable=\"false\" focused=\"false\" long-clickable=\"false\" password=\"false\" scrollable=\"false\" selected=\"false\" bounds=\"[0,0][1080,2218]\" displayed=\"true\">\r\n      <android.widget.FrameLayout index=\"0\" package=\"id....
[35m[WD Proxy][39m Replacing sessionId 1bddee30-ae1a-40b6-83b4-c689821c6950 with 14104a8c-f6c3-4a68-aa46-6b9e551ae14b
[35m[HTTP][39m [37m<-- GET /wd/hub/session/14104a8c-f6c3-4a68-aa46-6b9e551ae14b/source [39m[32m200[39m [90m1456 ms - 43964[39m
[35m[HTTP][39m [90m[39m
[35m[HTTP][39m [37m-->[39m [37mGET[39m [37m/wd/hub/session/14104a8c-f6c3-4a68-aa46-6b9e551ae14b/screenshot[39m
[35m[HTTP][39m [90m{}[39m
[debug] [35m[W3C (14104a8c)][39m Calling AppiumDriver.getScreenshot() with args: ["14104a8c-f6c3-4a68-aa46-6b9e551ae14b"]
[debug] [35m[WD Proxy][39m Matched '/screenshot' to command name 'getScreenshot'
[debug] [35m[WD Proxy][39m Proxying [GET /screenshot] to [GET http://127.0.0.1:8257/wd/hub/session/1bddee30-ae1a-40b6-83b4-c689821c6950/screenshot] with no body
[debug] [35m[WD Proxy][39m Got response with status 200: {"sessionId":"1bddee30-ae1a-40b6-83b4-c689821c6950","value":"iVBORw0KGgoAAAANSUhEUgAABDgAAAkkCAYAAAD508+vAAAAAXNSR0IArs4c6QAAAARzQklUCAgI\nCHwIZIgAACAASURBVHic7N15XFNnvj/wTyBsCYtsAUREoriCYt2w7sBYO2210+m01ekyM2rbaW+r\nbefe/kbbue28Kl3vXJlOd+zM1JnS6XQZbWtrFbBWKqityqIokoAWKWGHhDUhvz+4OZOQBJKQhejn\n/Xr5MiEnJ08O5xzO8z3f5/uI9Hq9HkREREREREREXszH0w0gIiIiIiIiIhotBjiIiIiIiIiIyOsx\nwEFEREREREREXo8BDiIiIiIiIiLyegxwEBEREREREZHXY4CDiIiIiIiIiLweAxxERERERERE5PUY\n4CAiIiIiIiIir8cABxERERERERF5PQY4iIiIiIiIiMjrMcBBRERERERERF6PAQ4iIiIiIiIi8noM\ncBARERERERGR12OAg4iIiIiIiIi8HgMcREREREREROT1GOAgIiIiIiIiIq/HAAcREREREREReT0G\nOIiIiIiIiIjI6zHAQURERERERERejwEOIiIiIiIiIvJ6DHAQERERERERkddjgIOIiIiIiIiIvB4D\nHERERERERETk9cSebgCRs3R3d0Oj0UCv149qPUFBQQgODnZSq2zjzW0fjkajQWtrKxoaGtDS0oKu\nri7odDr4+flBKpUiMjISsbGxCA0NRVBQkKebS0REREREXowBjquQXq9HT08PRCIRAgMDPd0cpxgY\nGMCf/vQnHDt2DAMDA6Na14wZM/DMM884qWUj8+a2W9Pc3Ix9+/bhu+++w/fff4/+/n4MDAwIARyR\nSCT8CwwMRFJSEtLT03HdddddMfskERERXb3y8/ORmpoKmUzm6aaMKTqdDj09PfD394efn5/T1uvM\n/o1Op0NXVxcCAgLg7+/vpBba...
[debug] [35m[W3C (14104a8c)][39m Responding to client with driver.getScreenshot() result: "iVBORw0KGgoAAAANSUhEUgAABDgAAAkkCAYAAAD508+vAAAAAXNSR0IArs4c6QAAAARzQklUCAgI\nCHwIZIgAACAASURBVHic7N15XFNnvj/wTyBsCYtsAUREoriCYt2w7sBYO2210+m01ekyM2rbaW+r\nbefe/kbbue28Kl3vXJlOd+zM1JnS6XQZbWtrFbBWKqityqIokoAWKWGHhDUhvz+4OZOQBJKQhejn\n/Xr5MiEnJ08O5xzO8z3f5/uI9Hq9HkREREREREREXszH0w0gIiIiIiIiIhotBjiIiIiIiIiIyOsx\nwEFEREREREREXo8BDiIiIiIiIiLyegxwEBEREREREZHXY4CDiIiIiIiIiLweAxxERERERERE5PUY\n4CAiIiIiIiIir8cABxERERERERF5PQY4iIiIiIiIiMjrMcBBRERERERERF6PAQ4iIiIiIiIi8noM\ncBARERERERGR12OAg4iIiIiIiIi8HgMcREREREREROT1GOAgIiIiIiIiIq/HAAcREREREREReT0G\nOIiIiIiIiIjI6zHAQURERERERERejwEOIiIiIiIiIvJ6DHAQERERERERkddjgIOIiIiIiIiIvB4D\nHERERERERETk9cSebgCRs3R3d0Oj0UCv149qPUFBQQgODnZSq2zjzW0fjkajQWtrKxoaGtDS0oKu\nri7odDr4+flBKpUiMjISsbGxCA0NRVBQkKebS0REREREXowBjquQXq9HT08PRCIRAgMDPd0cpxgY\nGMCf/vQnHDt2DAMDA6Na14wZM/DMM884qWUj8+a2W9Pc3Ix9+/bhu+++w/fff4/+/n4MDAwIARyR\nSCT8CwwMRFJSEtLT03HdddddMfskERERXb3y8/ORmpoKmUzm6aaMKTqdDj09PfD394efn5/T1uvM\n/o1Op0NXVxcCAgLg7+/vpBbar6enB83NzdBqtWavicViREZG8rrZAgY4bFRfX4+SkhLU1NRg69at\ndr9/37...
[35m[HTTP][39m [37m<-- GET /wd/hub/session/14104a8c-f6c3-4a68-aa46-6b9e551ae14b/screenshot [39m[32m200[39m [90m2389 ms - 366604[39m
[35m[HTTP][39m [90m[39m
[35m[HTTP][39m [37m-->[39m [37mGET[39m [37m/wd/hub/session/14104a8c-f6c3-4a68-aa46-6b9e551ae14b/source[39m
[35m[HTTP][39m [90m{}[39m
[35m[W3C (14104a8c)][39m Driver proxy active, passing request on via HTTP proxy
[debug] [35m[WD Proxy][39m Matched '/wd/hub/session/14104a8c-f6c3-4a68-aa46-6b9e551ae14b/source' to command name 'getPageSource'
[debug] [35m[WD Proxy][39m Proxying [GET /wd/hub/session/14104a8c-f6c3-4a68-aa46-6b9e551ae14b/source] to [GET http://127.0.0.1:8257/wd/hub/session/1bddee30-ae1a-40b6-83b4-c689821c6950/source] with no body
[debug] [35m[WD Proxy][39m Got response with status 200: {"sessionId":"1bddee30-ae1a-40b6-83b4-c689821c6950","value":"<?xml version='1.0' encoding='UTF-8' standalone='yes' ?>\r\n<hierarchy index=\"0\" class=\"hierarchy\" rotation=\"0\" width=\"1080\" height=\"2218\">\r\n  <android.widget.FrameLayout index=\"0\" package=\"id.binar.fp.secondhand\" class=\"android.widget.FrameLayout\" text=\"\" checkable=\"false\" checked=\"false\" clickable=\"false\" enabled=\"true\" focusable=\"false\" focused=\"false\" long-clickable=\"false\" password=\"false\" scrollable=\"false\" selected=\"false\" bounds=\"[0,0][1080,2218]\" displayed=\"true\">\r\n    <android.widget.LinearLayout index=\"0\" package=\"id.binar.fp.secondhand\" class=\"android.widget.LinearLayout\" text=\"\" checkable=\"false\" checked=\"false\" clickable=\"false\" enabled=\"true\" focusable=\"false\" focused=\"false\" long-clickable=\"false\" password=\"false\" scrollable=\"false\" selected=\"false\" bounds=\"[0,0][1080,2218]\" displayed=\"true\">\r\n      <android.widget.FrameLayout index=\"0\" package=\"id....
[35m[WD Proxy][39m Replacing sessionId 1bddee30-ae1a-40b6-83b4-c689821c6950 with 14104a8c-f6c3-4a68-aa46-6b9e551ae14b
[35m[HTTP][39m [37m<-- GET /wd/hub/session/14104a8c-f6c3-4a68-aa46-6b9e551ae14b/source [39m[32m200[39m [90m137 ms - 11959[39m
[35m[HTTP][39m [90m[39m
[35m[HTTP][39m [37m-->[39m [37mGET[39m [37m/wd/hub/session/14104a8c-f6c3-4a68-aa46-6b9e551ae14b/screenshot[39m
[35m[HTTP][39m [90m{}[39m
[debug] [35m[W3C (14104a8c)][39m Calling AppiumDriver.getScreenshot() with args: ["14104a8c-f6c3-4a68-aa46-6b9e551ae14b"]
[debug] [35m[WD Proxy][39m Matched '/screenshot' to command name 'getScreenshot'
[debug] [35m[WD Proxy][39m Proxying [GET /screenshot] to [GET http://127.0.0.1:8257/wd/hub/session/1bddee30-ae1a-40b6-83b4-c689821c6950/screenshot] with no body
[debug] [35m[WD Proxy][39m Got response with status 200: {"sessionId":"1bddee30-ae1a-40b6-83b4-c689821c6950","value":"iVBORw0KGgoAAAANSUhEUgAABDgAAAkkCAYAAAD508+vAAAAAXNSR0IArs4c6QAAAARzQklUCAgI\nCHwIZIgAACAASURBVHic7N15fFTV/f/x95ANsoAQSVgMmEFLUSIoSwIKVIKArQa1rQoutAWESi2o\nXX4FtNqHxI22SdVWarALlthWa8EqKgQURBIWFRIUFCYghZjEECAZCCHJ/P5I535nkkky2XOS1/Px\n4PGY5c6dM5dJcs/7nvM5NpfL5RIAAAAAAIDBurV3AwAAAAAAAJqLgAMAAAAAABiPgAMAAAAAABiP\ngAMAAAAAABiPgAMAAAAAABiPgAMAAAAAABiPgAMAAAAAABiPgAMAAAAAABiPgAMAAAAAABiPgAMA\nAAAAABiPgAMAAAAAABiPgAMAAAAAABiPgAMAAAAAABiPgAMAAAAAABiPgAMAAAAAABiPgAMAAAAA\nABiPgAMAAAAAABiPgAMAAAAAABiPgAMAAAAAABiPgAMAAAAAABiPgAMAAAAAABiPgAMAAAAAABiP\ngAMAAAAAABgvsL0bALSUs2fPyul0yuVyNWs/PXr0UHh4eAu1yj8mt70+TqdTxcXFys/P14kTJ3Tm\nzBlVVlYqKChIYWFhioyMVL9+/dSzZ0/16NGjvZsLAAAAwGAEHF2Qy+VSWVmZbDabunfv3t7NaRFV\nVVV69tlntWPHDlVVVTVrX8OGDdNjjz3WQi1rmMltr0tRUZHefPNNffjhh/rvf/+r8+fPq6qqygpw\nbDab9a979+6KjY1VQkKCpk2b1mm+kwAAoOvKyMhQXFycoqKi2rspHYrL5dLZs2fVrVs3hYSEyGaz\ntch+KysrVVZWpuDgYAUFBTV7X2fOnFFISIiCg4NbpH1NUVZWpqKiIlVUVNR6LjAwUJGRkZw3+0DA\n4ae8vDxlZWXp8OHDWrx4caNf...
[debug] [35m[W3C (14104a8c)][39m Responding to client with driver.getScreenshot() result: "iVBORw0KGgoAAAANSUhEUgAABDgAAAkkCAYAAAD508+vAAAAAXNSR0IArs4c6QAAAARzQklUCAgI\nCHwIZIgAACAASURBVHic7N15fFTV/f/x95ANsoAQSVgMmEFLUSIoSwIKVIKArQa1rQoutAWESi2o\nXX4FtNqHxI22SdVWarALlthWa8EqKgQURBIWFRIUFCYghZjEECAZCCHJ/P5I535nkkky2XOS1/Px\n4PGY5c6dM5dJcs/7nvM5NpfL5RIAAAAAAIDBurV3AwAAAAAAAJqLgAMAAAAAABiPgAMAAAAAABiP\ngAMAAAAAABiPgAMAAAAAABiPgAMAAAAAABiPgAMAAAAAABiPgAMAAAAAABiPgAMAAAAAABiPgAMA\nAAAAABiPgAMAAAAAABiPgAMAAAAAABiPgAMAAAAAABiPgAMAAAAAABiPgAMAAAAAABiPgAMAAAAA\nABiPgAMAAAAAABiPgAMAAAAAABiPgAMAAAAAABiPgAMAAAAAABiPgAMAAAAAABiPgAMAAAAAABiP\ngAMAAAAAABgvsL0bALSUs2fPyul0yuVyNWs/PXr0UHh4eAu1yj8mt70+TqdTxcXFys/P14kTJ3Tm\nzBlVVlYqKChIYWFhioyMVL9+/dSzZ0/16NGjvZsLAAAAwGAEHF2Qy+VSWVmZbDabunfv3t7NaRFV\nVVV69tlntWPHDlVVVTVrX8OGDdNjjz3WQi1rmMltr0tRUZHefPNNffjhh/rvf/+r8+fPq6qqygpw\nbDab9a979+6KjY1VQkKCpk2b1mm+kwAAoOvKyMhQXFycoqKi2rspHYrL5dLZs2fVrVs3hYSEyGaz\ntch+KysrVVZWpuDgYAUFBTV7X2fOnFFISIiCg4NbpH1NUVZWpqKiIlVUVNR6LjAwUJGRkZw3+0DA\n4ae8vDxlZWXp8OHDWrx4caNf/+abb+rgwYONft2YMWM0bty4Rr+uprKyMm3btk07d+7Uhx9+qLNn\nz0qSIi...
[35m[HTTP][39m [37m<-- GET /wd/hub/session/14104a8c-f6c3-4a68-aa46-6b9e551ae14b/screenshot [39m[32m200[39m [90m833 ms - 110248[39m
[35m[HTTP][39m [90m[39m
[35m[HTTP][39m [37m-->[39m [37mPOST[39m [37m/wd/hub/session/14104a8c-f6c3-4a68-aa46-6b9e551ae14b/elements[39m
[35m[HTTP][39m [90m{"using":"xpath","value":"//*[@class = 'android.widget.TextView' and (@text = 'Email' or . = 'Email') and @resource-id = 'id.binar.fp.secondhand:id/tv_email']"}[39m
[debug] [35m[W3C (14104a8c)][39m Calling AppiumDriver.findElements() with args: ["xpath","//*[@class = 'android.widget.TextView' and (@text = 'Email' or . = 'Email') and @resource-id = 'id.binar.fp.secondhand:id/tv_email']","14104a8c-f6c3-4a68-aa46-6b9e551ae14b"]
[debug] [35m[BaseDriver][39m Valid locator strategies for this request: xpath, id, class name, accessibility id, css selector, -android uiautomator
[debug] [35m[BaseDriver][39m Waiting up to 60000 ms for condition
[debug] [35m[WD Proxy][39m Matched '/elements' to command name 'findElements'
[debug] [35m[WD Proxy][39m Proxying [POST /elements] to [POST http://127.0.0.1:8257/wd/hub/session/1bddee30-ae1a-40b6-83b4-c689821c6950/elements] with body: {"strategy":"xpath","selector":"//*[@class = 'android.widget.TextView' and (@text = 'Email' or . = 'Email') and @resource-id = 'id.binar.fp.secondhand:id/tv_email']","context":"","multiple":true}
[debug] [35m[WD Proxy][39m Got response with status 200: {"sessionId":"1bddee30-ae1a-40b6-83b4-c689821c6950","value":[{"ELEMENT":"00000000-0000-0972-ffff-ffff00000474","element-6066-11e4-a52e-4f735466cecf":"00000000-0000-0972-ffff-ffff00000474"}]}
[debug] [35m[W3C (14104a8c)][39m Responding to client with driver.findElements() result: [{"element-6066-11e4-a52e-4f735466cecf":"00000000-0000-0972-ffff-ffff00000474","ELEMENT":"00000000-0000-0972-ffff-ffff00000474"}]
[35m[HTTP][39m [37m<-- POST /wd/hub/session/14104a8c-f6c3-4a68-aa46-6b9e551ae14b/elements [39m[32m200[39m [90m558 ms - 139[39m
[35m[HTTP][39m [90m[39m
[35m[HTTP][39m [37m-->[39m [37mPOST[39m [37m/wd/hub/session/14104a8c-f6c3-4a68-aa46-6b9e551ae14b/elements[39m
[35m[HTTP][39m [90m{"using":"xpath","value":"//*[@class = 'android.widget.EditText' and (@text = 'Masukkan email' or . = 'Masukkan email') and @resource-id = 'id.binar.fp.secondhand:id/et_email']"}[39m
[debug] [35m[W3C (14104a8c)][39m Calling AppiumDriver.findElements() with args: ["xpath","//*[@class = 'android.widget.EditText' and (@text = 'Masukkan email' or . = 'Masukkan email') and @resource-id = 'id.binar.fp.secondhand:id/et_email']","14104a8c-f6c3-4a68-aa46-6b9e551ae14b"]
[debug] [35m[BaseDriver][39m Valid locator strategies for this request: xpath, id, class name, accessibility id, css selector, -android uiautomator
[debug] [35m[BaseDriver][39m Waiting up to 60000 ms for condition
[debug] [35m[WD Proxy][39m Matched '/elements' to command name 'findElements'
[debug] [35m[WD Proxy][39m Proxying [POST /elements] to [POST http://127.0.0.1:8257/wd/hub/session/1bddee30-ae1a-40b6-83b4-c689821c6950/elements] with body: {"strategy":"xpath","selector":"//*[@class = 'android.widget.EditText' and (@text = 'Masukkan email' or . = 'Masukkan email') and @resource-id = 'id.binar.fp.secondhand:id/et_email']","context":"","multiple":true}
[debug] [35m[WD Proxy][39m Got response with status 200: {"sessionId":"1bddee30-ae1a-40b6-83b4-c689821c6950","value":[{"ELEMENT":"00000000-0000-0972-ffff-ffff00000477","element-6066-11e4-a52e-4f735466cecf":"00000000-0000-0972-ffff-ffff00000477"}]}
[debug] [35m[W3C (14104a8c)][39m Responding to client with driver.findElements() result: [{"element-6066-11e4-a52e-4f735466cecf":"00000000-0000-0972-ffff-ffff00000477","ELEMENT":"00000000-0000-0972-ffff-ffff00000477"}]
[35m[HTTP][39m [37m<-- POST /wd/hub/session/14104a8c-f6c3-4a68-aa46-6b9e551ae14b/elements [39m[32m200[39m [90m181 ms - 139[39m
[35m[HTTP][39m [90m[39m
[35m[HTTP][39m [37m-->[39m [37mPOST[39m [37m/wd/hub/session/14104a8c-f6c3-4a68-aa46-6b9e551ae14b/elements[39m
[35m[HTTP][39m [90m{"using":"xpath","value":"//*[@class = 'android.widget.EditText' and (@text = 'Masukkan password' or . = 'Masukkan password') and @resource-id = 'id.binar.fp.secondhand:id/et_password']"}[39m
[debug] [35m[W3C (14104a8c)][39m Calling AppiumDriver.findElements() with args: ["xpath","//*[@class = 'android.widget.EditText' and (@text = 'Masukkan password' or . = 'Masukkan password') and @resource-id = 'id.binar.fp.secondhand:id/et_password']","14104a8c-f6c3-4a68-aa46-6b9e551ae14b"]
[debug] [35m[BaseDriver][39m Valid locator strategies for this request: xpath, id, class name, accessibility id, css selector, -android uiautomator
[debug] [35m[BaseDriver][39m Waiting up to 60000 ms for condition
[debug] [35m[WD Proxy][39m Matched '/elements' to command name 'findElements'
[debug] [35m[WD Proxy][39m Proxying [POST /elements] to [POST http://127.0.0.1:8257/wd/hub/session/1bddee30-ae1a-40b6-83b4-c689821c6950/elements] with body: {"strategy":"xpath","selector":"//*[@class = 'android.widget.EditText' and (@text = 'Masukkan password' or . = 'Masukkan password') and @resource-id = 'id.binar.fp.secondhand:id/et_password']","context":"","multiple":true}
[debug] [35m[WD Proxy][39m Got response with status 200: {"sessionId":"1bddee30-ae1a-40b6-83b4-c689821c6950","value":[{"ELEMENT":"00000000-0000-0972-ffff-ffff00000483","element-6066-11e4-a52e-4f735466cecf":"00000000-0000-0972-ffff-ffff00000483"}]}
[debug] [35m[W3C (14104a8c)][39m Responding to client with driver.findElements() result: [{"element-6066-11e4-a52e-4f735466cecf":"00000000-0000-0972-ffff-ffff00000483","ELEMENT":"00000000-0000-0972-ffff-ffff00000483"}]
[35m[HTTP][39m [37m<-- POST /wd/hub/session/14104a8c-f6c3-4a68-aa46-6b9e551ae14b/elements [39m[32m200[39m [90m192 ms - 139[39m
[35m[HTTP][39m [90m[39m
[35m[HTTP][39m [37m-->[39m [37mPOST[39m [37m/wd/hub/session/14104a8c-f6c3-4a68-aa46-6b9e551ae14b/timeouts[39m
[35m[HTTP][39m [90m{"implicit":1000}[39m
[debug] [35m[W3C (14104a8c)][39m Calling AppiumDriver.timeouts() with args: [null,null,null,null,1000,"14104a8c-f6c3-4a68-aa46-6b9e551ae14b"]
[debug] [35m[BaseDriver][39m W3C timeout argument: {"implicit":1000}}
[debug] [35m[BaseDriver][39m Set implicit wait to 1000ms
[debug] [35m[W3C (14104a8c)][39m Responding to client with driver.timeouts() result: null
[35m[HTTP][39m [37m<-- POST /wd/hub/session/14104a8c-f6c3-4a68-aa46-6b9e551ae14b/timeouts [39m[32m200[39m [90m2 ms - 14[39m
[35m[HTTP][39m [90m[39m
[35m[HTTP][39m [37m-->[39m [37mPOST[39m [37m/wd/hub/session/14104a8c-f6c3-4a68-aa46-6b9e551ae14b/elements[39m
[35m[HTTP][39m [90m{"using":"xpath","value":"//*[@class = 'android.widget.EditText' and (@text = 'Masukkan password' or . = 'Masukkan password') and @resource-id = 'id.binar.fp.secondhand:id/et_password']"}[39m
[debug] [35m[W3C (14104a8c)][39m Calling AppiumDriver.findElements() with args: ["xpath","//*[@class = 'android.widget.EditText' and (@text = 'Masukkan password' or . = 'Masukkan password') and @resource-id = 'id.binar.fp.secondhand:id/et_password']","14104a8c-f6c3-4a68-aa46-6b9e551ae14b"]
[debug] [35m[BaseDriver][39m Valid locator strategies for this request: xpath, id, class name, accessibility id, css selector, -android uiautomator
[debug] [35m[BaseDriver][39m Waiting up to 1000 ms for condition
[debug] [35m[WD Proxy][39m Matched '/elements' to command name 'findElements'
[debug] [35m[WD Proxy][39m Proxying [POST /elements] to [POST http://127.0.0.1:8257/wd/hub/session/1bddee30-ae1a-40b6-83b4-c689821c6950/elements] with body: {"strategy":"xpath","selector":"//*[@class = 'android.widget.EditText' and (@text = 'Masukkan password' or . = 'Masukkan password') and @resource-id = 'id.binar.fp.secondhand:id/et_password']","context":"","multiple":true}
[debug] [35m[WD Proxy][39m Got response with status 200: {"sessionId":"1bddee30-ae1a-40b6-83b4-c689821c6950","value":[{"ELEMENT":"00000000-0000-0972-ffff-ffff00000483","element-6066-11e4-a52e-4f735466cecf":"00000000-0000-0972-ffff-ffff00000483"}]}
[debug] [35m[W3C (14104a8c)][39m Responding to client with driver.findElements() result: [{"element-6066-11e4-a52e-4f735466cecf":"00000000-0000-0972-ffff-ffff00000483","ELEMENT":"00000000-0000-0972-ffff-ffff00000483"}]
[35m[HTTP][39m [37m<-- POST /wd/hub/session/14104a8c-f6c3-4a68-aa46-6b9e551ae14b/elements [39m[32m200[39m [90m125 ms - 139[39m
[35m[HTTP][39m [90m[39m
[35m[HTTP][39m [37m-->[39m [37mGET[39m [37m/wd/hub/session/14104a8c-f6c3-4a68-aa46-6b9e551ae14b/element/00000000-0000-0972-ffff-ffff00000483/location[39m
[35m[HTTP][39m [90m{}[39m
[35m[W3C (14104a8c)][39m Driver proxy active, passing request on via HTTP proxy
[debug] [35m[WD Proxy][39m Matched '/wd/hub/session/14104a8c-f6c3-4a68-aa46-6b9e551ae14b/element/00000000-0000-0972-ffff-ffff00000483/location' to command name 'getLocation'
[debug] [35m[WD Proxy][39m Proxying [GET /wd/hub/session/14104a8c-f6c3-4a68-aa46-6b9e551ae14b/element/00000000-0000-0972-ffff-ffff00000483/location] to [GET http://127.0.0.1:8257/wd/hub/session/1bddee30-ae1a-40b6-83b4-c689821c6950/element/00000000-0000-0972-ffff-ffff00000483/location] with no body
[debug] [35m[WD Proxy][39m Got response with status 200: {"sessionId":"1bddee30-ae1a-40b6-83b4-c689821c6950","value":{"x":42,"y":1196}}
[35m[WD Proxy][39m Replacing sessionId 1bddee30-ae1a-40b6-83b4-c689821c6950 with 14104a8c-f6c3-4a68-aa46-6b9e551ae14b
[35m[HTTP][39m [37m<-- GET /wd/hub/session/14104a8c-f6c3-4a68-aa46-6b9e551ae14b/element/00000000-0000-0972-ffff-ffff00000483/location [39m[32m200[39m [90m23 ms - 78[39m
[35m[HTTP][39m [90m[39m
[35m[HTTP][39m [37m-->[39m [37mGET[39m [37m/wd/hub/session/14104a8c-f6c3-4a68-aa46-6b9e551ae14b/element/00000000-0000-0972-ffff-ffff00000483/size[39m
[35m[HTTP][39m [90m{}[39m
[35m[W3C (14104a8c)][39m Driver proxy active, passing request on via HTTP proxy
[debug] [35m[WD Proxy][39m Matched '/wd/hub/session/14104a8c-f6c3-4a68-aa46-6b9e551ae14b/element/00000000-0000-0972-ffff-ffff00000483/size' to command name 'getSize'
[debug] [35m[WD Proxy][39m Proxying [GET /wd/hub/session/14104a8c-f6c3-4a68-aa46-6b9e551ae14b/element/00000000-0000-0972-ffff-ffff00000483/size] to [GET http://127.0.0.1:8257/wd/hub/session/1bddee30-ae1a-40b6-83b4-c689821c6950/element/00000000-0000-0972-ffff-ffff00000483/size] with no body
[debug] [35m[WD Proxy][39m Got response with status 200: {"sessionId":"1bddee30-ae1a-40b6-83b4-c689821c6950","value":{"height":140,"width":996}}
[35m[WD Proxy][39m Replacing sessionId 1bddee30-ae1a-40b6-83b4-c689821c6950 with 14104a8c-f6c3-4a68-aa46-6b9e551ae14b
[35m[HTTP][39m [37m<-- GET /wd/hub/session/14104a8c-f6c3-4a68-aa46-6b9e551ae14b/element/00000000-0000-0972-ffff-ffff00000483/size [39m[32m200[39m [90m16 ms - 87[39m
[35m[HTTP][39m [90m[39m
[debug] [35m[Instrumentation][39m .
[debug] [35m[Instrumentation][39m Time: 177.294
[debug] [35m[Instrumentation][39m 
[debug] [35m[Instrumentation][39m OK (1 test)
[debug] [35m[Instrumentation][39m The process has exited with code 0
[35m[BaseDriver][39m Shutting down because we waited 1800 seconds for a command
[35m[Appium][39m Closing session, cause was 'New Command Timeout of 1800 seconds expired. Try customizing the timeout using the 'newCommandTimeout' desired capability'
[35m[Appium][39m Removing session '14104a8c-f6c3-4a68-aa46-6b9e551ae14b' from our master session list
[debug] [35m[UiAutomator2][39m Deleting UiAutomator2 session
[debug] [35m[UiAutomator2][39m Deleting UiAutomator2 server session
[35m[UiAutomator2][39m Did not get confirmation UiAutomator2 deleteSession worked; Error was: UnknownError: An unknown server-side error occurred while processing the command. Original error: 'DELETE /' cannot be proxied to UiAutomator2 server because the instrumentation process is not running (probably crashed). Check the server log and/or the logcat output for more details
[debug] [35m[ADB][39m Running 'C:\Users\User\AppData\Local\platform-tools\adb.exe -P 5037 -s RR8N3082NVW shell am force-stop com.android.settings'
[debug] [35m[Logcat][39m Stopping logcat capture
[debug] [35m[ADB][39m Removing forwarded port socket connection: 8257 
[debug] [35m[ADB][39m Running 'C:\Users\User\AppData\Local\platform-tools\adb.exe -P 5037 -s RR8N3082NVW forward --remove tcp:8257'
[35m[UiAutomator2][39m Restoring hidden api policy to the device default configuration
[debug] [35m[ADB][39m Running 'C:\Users\User\AppData\Local\platform-tools\adb.exe -P 5037 -s RR8N3082NVW shell 'settings delete global hidden_api_policy_pre_p_apps;settings delete global hidden_api_policy_p_apps;settings delete global hidden_api_policy''
