[35m[Appium][39m Welcome to Appium v1.22.3
[35m[Appium][39m Non-default server args:
[35m[Appium][39m   port: 56466
[35m[Appium][39m   tmpDir: C:\Users\mhmdr\AppData\Local\Temp\\Katalon\Appium\Temp1690174312163
[35m[Appium][39m   chromedriverPort: 56467
[35m[Appium][39m Deprecated server args:
[35m[Appium][39m   [31m--chromedriver-port[39m => --default-capabilities
[35m[Appium][39m Default capabilities, which will be added to each request unless overridden by desired capabilities:
[35m[Appium][39m   chromedriverPort: 56467
[35m[Appium][39m Appium REST http interface listener started on 0.0.0.0:56466
[35m[HTTP][39m [37m-->[39m [37mGET[39m [37m/wd/hub/status[39m
[35m[HTTP][39m [90m{}[39m
[debug] [35m[GENERIC][39m Calling AppiumDriver.getStatus() with args: []
[debug] [35m[GENERIC][39m Responding to client with driver.getStatus() result: {"build":{"version":"1.22.3"}}
[35m[HTTP][39m [37m<-- GET /wd/hub/status [39m[32m200[39m [90m7 ms - 68[39m
[35m[HTTP][39m [90m[39m
[35m[HTTP][39m [37m-->[39m [37mPOST[39m [37m/wd/hub/session[39m
[35m[HTTP][39m [90m{"desiredCapabilities":{"app":"C:\\Users\\mhmdr\\Desktop\\SQA-Wave9-Kelompok2\\androidapp\\app-release-second-hand-gcp.apk","noReset":true,"deviceName":"samsung SM-A725F (Android 13)","fullReset":false,"platform":"ANDROID","newCommandTimeout":1800,"platformVersion":"13","automationName":"uiautomator2","autoGrantPermissions":true,"platformName":"Android","udid":"RR8R30DEY9E","systemPort":56465},"capabilities":{"firstMatch":[{"appium:app":"C:\\Users\\mhmdr\\Desktop\\SQA-Wave9-Kelompok2\\androidapp\\app-release-second-hand-gcp.apk","appium:autoGrantPermissions":true,"appium:automationName":"uiautomator2","appium:deviceName":"samsung SM-A725F (Android 13)","appium:fullReset":false,"appium:newCommandTimeout":1800,"appium:noReset":true,"platform":"ANDROID","platformName":"android","appium:platformVersion":"13","appium:systemPort":56465,"appium:udid":"RR8R30DEY9E"}]}}[39m
[debug] [35m[W3C][39m Calling AppiumDriver.createSession() with args: [{"app":"C:\\Users\\mhmdr\\Desktop\\SQA-Wave9-Kelompok2\\androidapp\\app-release-second-hand-gcp.apk","noReset":true,"deviceName":"samsung SM-A725F (Android 13)","fullReset":false,"platform":"ANDROID","newCommandTimeout":1800,"platformVersion":"13","automationName":"uiautomator2","autoGrantPermissions":true,"platformName":"Android","udid":"RR8R30DEY9E","systemPort":56465},null,{"firstMatch":[{"appium:app":"C:\\Users\\mhmdr\\Desktop\\SQA-Wave9-Kelompok2\\androidapp\\app-release-second-hand-gcp.apk","appium:autoGrantPermissions":true,"appium:automationName":"uiautomator2","appium:deviceName":"samsung SM-A725F (Android 13)","appium:fullReset":false,"appium:newCommandTimeout":1800,"appium:noReset":true,"platform":"ANDROID","platformName":"android","appium:platformVersion":"13","appium:systemPort":56465,"appium:udid":"RR8R30DEY9E"}]}]
[debug] [35m[BaseDriver][39m Event 'newSessionRequested' logged at 1690174314004 (11:51:54 GMT+0700 (Western Indonesia Time))
[35m[BaseDriver][39m The following capabilities are not standard capabilities and should have an extension prefix:
[35m[BaseDriver][39m   platform
[35m[BaseDriver][39m   chromedriverPort
[35m[Appium][39m Appium v1.22.3 creating new AndroidUiautomator2Driver (v1.70.1) session
[debug] [35m[BaseDriver][39m W3C capabilities and MJSONWP desired capabilities were provided
[debug] [35m[BaseDriver][39m Creating session with W3C capabilities: {
[debug] [35m[BaseDriver][39m   "alwaysMatch": {
[debug] [35m[BaseDriver][39m     "appium:platform": "ANDROID",
[debug] [35m[BaseDriver][39m     "platformName": "android",
[debug] [35m[BaseDriver][39m     "appium:chromedriverPort": 56467,
[debug] [35m[BaseDriver][39m     "appium:app": "C:\\Users\\mhmdr\\Desktop\\SQA-Wave9-Kelompok2\\androidapp\\app-release-second-hand-gcp.apk",
[debug] [35m[BaseDriver][39m     "appium:autoGrantPermissions": true,
[debug] [35m[BaseDriver][39m     "appium:automationName": "uiautomator2",
[debug] [35m[BaseDriver][39m     "appium:deviceName": "samsung SM-A725F (Android 13)",
[debug] [35m[BaseDriver][39m     "appium:fullReset": false,
[debug] [35m[BaseDriver][39m     "appium:newCommandTimeout": 1800,
[debug] [35m[BaseDriver][39m     "appium:noReset": true,
[debug] [35m[BaseDriver][39m     "appium:platformVersion": "13",
[debug] [35m[BaseDriver][39m     "appium:systemPort": 56465,
[debug] [35m[BaseDriver][39m     "appium:udid": "RR8R30DEY9E"
[debug] [35m[BaseDriver][39m   },
[debug] [35m[BaseDriver][39m   "firstMatch": [
[debug] [35m[BaseDriver][39m     {}
[debug] [35m[BaseDriver][39m   ]
[debug] [35m[BaseDriver][39m }
[35m[BaseDriver][39m The following capabilities were provided, but are not recognized by Appium:
[35m[BaseDriver][39m   platform
[35m[BaseDriver][39m Session created with session id: 9411680c-3cdf-44c2-867b-e2ab9ec2aaa7
[35m[BaseDriver][39m Using local app 'C:\Users\mhmdr\Desktop\SQA-Wave9-Kelompok2\androidapp\app-release-second-hand-gcp.apk'
[debug] [35m[UiAutomator2][39m Checking whether app is actually present
[35m[ADB][39m Found 1 'build-tools' folders under 'C:\Users\mhmdr\AppData\Local\Android\Sdk' (newest first):
[35m[ADB][39m     C:/Users/mhmdr/AppData/Local/Android/Sdk/build-tools/34.0.0
[35m[ADB][39m Using 'adb.exe' from 'C:\Users\mhmdr\AppData\Local\Android\Sdk\platform-tools\adb.exe'
[debug] [35m[ADB][39m Running 'C:\Users\mhmdr\AppData\Local\Android\Sdk\platform-tools\adb.exe -P 5037 start-server'
[35m[AndroidDriver][39m Retrieving device list
[debug] [35m[ADB][39m Trying to find a connected android device
[debug] [35m[ADB][39m Getting connected devices
[debug] [35m[ADB][39m Connected devices: [{"udid":"RR8R30DEY9E","state":"device"}]
[35m[AndroidDriver][39m Using device: RR8R30DEY9E
[35m[ADB][39m Using 'adb.exe' from 'C:\Users\mhmdr\AppData\Local\Android\Sdk\platform-tools\adb.exe'
[debug] [35m[ADB][39m Running 'C:\Users\mhmdr\AppData\Local\Android\Sdk\platform-tools\adb.exe -P 5037 start-server'
[debug] [35m[ADB][39m Setting device id to RR8R30DEY9E
[debug] [35m[ADB][39m Running 'C:\Users\mhmdr\AppData\Local\Android\Sdk\platform-tools\adb.exe -P 5037 -s RR8R30DEY9E shell getprop ro.build.version.sdk'
[debug] [35m[ADB][39m Current device property 'ro.build.version.sdk': 33
[35m[ADB][39m Getting device platform version
[debug] [35m[ADB][39m Running 'C:\Users\mhmdr\AppData\Local\Android\Sdk\platform-tools\adb.exe -P 5037 -s RR8R30DEY9E shell getprop ro.build.version.release'
[debug] [35m[ADB][39m Current device property 'ro.build.version.release': 13
[debug] [35m[ADB][39m Device API level: 33
[35m[UiAutomator2][39m Relaxing hidden api policy
[debug] [35m[ADB][39m Running 'C:\Users\mhmdr\AppData\Local\Android\Sdk\platform-tools\adb.exe -P 5037 -s RR8R30DEY9E shell 'settings put global hidden_api_policy_pre_p_apps 1;settings put global hidden_api_policy_p_apps 1;settings put global hidden_api_policy 1''
[debug] [35m[AndroidDriver][39m Parsing package and activity from app manifest
[35m[ADB][39m Package name: 'id.binar.fp.secondhand'
[35m[ADB][39m Main activity name: 'id.binar.fp.secondhand.ui.main.MainActivity'
[debug] [35m[AndroidDriver][39m Parsed package and activity are: id.binar.fp.secondhand/id.binar.fp.secondhand.ui.main.MainActivity
[debug] [35m[ADB][39m Running 'C:\Users\mhmdr\AppData\Local\Android\Sdk\platform-tools\adb.exe -P 5037 -s RR8R30DEY9E wait-for-device'
[debug] [35m[ADB][39m Running 'C:\Users\mhmdr\AppData\Local\Android\Sdk\platform-tools\adb.exe -P 5037 -s RR8R30DEY9E shell echo ping'
[debug] [35m[AndroidDriver][39m Pushing settings apk to device...
[debug] [35m[ADB][39m Getting install status for io.appium.settings
[debug] [35m[ADB][39m Running 'C:\Users\mhmdr\AppData\Local\Android\Sdk\platform-tools\adb.exe -P 5037 -s RR8R30DEY9E shell dumpsys package io.appium.settings'
[debug] [35m[ADB][39m 'io.appium.settings' is installed
[debug] [35m[ADB][39m Getting package info for 'io.appium.settings'
[debug] [35m[ADB][39m Running 'C:\Users\mhmdr\AppData\Local\Android\Sdk\platform-tools\adb.exe -P 5037 -s RR8R30DEY9E shell dumpsys package io.appium.settings'
[debug] [35m[ADB][39m The version name of the installed 'io.appium.settings' is greater or equal to the application version name ('3.4.0' >= '3.4.0')
[debug] [35m[ADB][39m There is no need to install/upgrade 'C:\Users\mhmdr\AppData\Roaming\npm\node_modules\appium\node_modules\io.appium.settings\apks\settings_apk-debug.apk'
[debug] [35m[ADB][39m Getting IDs of all 'io.appium.settings' processes
[debug] [35m[ADB][39m Running 'C:\Users\mhmdr\AppData\Local\Android\Sdk\platform-tools\adb.exe -P 5037 -s RR8R30DEY9E shell 'pgrep --help; echo $?''
[debug] [35m[ADB][39m Running 'C:\Users\mhmdr\AppData\Local\Android\Sdk\platform-tools\adb.exe -P 5037 -s RR8R30DEY9E shell pgrep -f \(\[\[:blank:\]\]\|\^\)io\.appium\.settings\(\[\[:blank:\]\]\|\$\)'
[debug] [35m[AndroidDriver][39m io.appium.settings is already running. There is no need to reset its permissions.
[debug] [35m[ADB][39m Running 'C:\Users\mhmdr\AppData\Local\Android\Sdk\platform-tools\adb.exe -P 5037 -s RR8R30DEY9E shell appops set io.appium.settings android:mock_location allow'
[debug] [35m[Logcat][39m Starting logs capture with command: C:\\Users\\mhmdr\\AppData\\Local\\Android\\Sdk\\platform-tools\\adb.exe -P 5037 -s RR8R30DEY9E logcat -v threadtime
[debug] [35m[UiAutomator2][39m Forwarding UiAutomator2 Server port 6790 to local port 56465
[debug] [35m[ADB][39m Forwarding system: 56465 to device: 6790
[debug] [35m[ADB][39m Running 'C:\Users\mhmdr\AppData\Local\Android\Sdk\platform-tools\adb.exe -P 5037 -s RR8R30DEY9E forward tcp:56465 tcp:6790'
[debug] [35m[ADB][39m Getting install status for io.appium.uiautomator2.server
[debug] [35m[ADB][39m Running 'C:\Users\mhmdr\AppData\Local\Android\Sdk\platform-tools\adb.exe -P 5037 -s RR8R30DEY9E shell dumpsys package io.appium.uiautomator2.server'
[debug] [35m[ADB][39m 'io.appium.uiautomator2.server' is installed
[debug] [35m[ADB][39m Getting package info for 'io.appium.uiautomator2.server'
[debug] [35m[ADB][39m Running 'C:\Users\mhmdr\AppData\Local\Android\Sdk\platform-tools\adb.exe -P 5037 -s RR8R30DEY9E shell dumpsys package io.appium.uiautomator2.server'
[debug] [35m[ADB][39m The version name of the installed 'io.appium.uiautomator2.server' is greater or equal to the application version name ('4.27.0' >= '4.27.0')
[debug] [35m[UiAutomator2][39m io.appium.uiautomator2.server installation state: sameVersionInstalled
[debug] [35m[ADB][39m Checking app cert for C:\Users\mhmdr\AppData\Roaming\npm\node_modules\appium\node_modules\appium-uiautomator2-server\apks\appium-uiautomator2-server-v4.27.0.apk
[35m[ADB][39m Using 'apksigner.jar' from 'C:\Users\mhmdr\AppData\Local\Android\Sdk\build-tools\34.0.0\lib\apksigner.jar'
[debug] [35m[ADB][39m Starting apksigner: C:\\Users\\mhmdr\\Downloads\\Katalon_Studio_Windows_64-8.6.5\\Katalon_Studio_Windows_64-8.6.5\\Katalon_Studio_Windows_64-8.6.5\\jre\\bin\\java.exe -Xmx1024M -Xss1m -jar C:\\Users\\mhmdr\\AppData\\Local\\Android\\Sdk\\build-tools\\34.0.0\\lib\\apksigner.jar verify --print-certs C:\\Users\\mhmdr\\AppData\\Roaming\\npm\\node_modules\\appium\\node_modules\\appium-uiautomator2-server\\apks\\appium-uiautomator2-server-v4.27.0.apk
[debug] [35m[ADB][39m apksigner stdout: Signer #1 certificate DN: EMAILADDRESS=android@android.com, CN=Android, OU=Android, O=Android, L=Mountain View, ST=California, C=US
[debug] [35m[ADB][39m Signer #1 certificate SHA-256 digest: a40da80a59d170caa950cf15c18c454d47a39b26989d8b640ecd745ba71bf5dc
[debug] [35m[ADB][39m Signer #1 certificate SHA-1 digest: 61ed377e85d386a8dfee6b864bd85b0bfaa5af81
[debug] [35m[ADB][39m Signer #1 certificate MD5 digest: e89b158e4bcf988ebd09eb83f5378e87
[debug] [35m[ADB][39m 
[debug] [35m[ADB][39m sha256 hash did match for 'appium-uiautomator2-server-v4.27.0.apk'
[35m[ADB][39m 'C:\Users\mhmdr\AppData\Roaming\npm\node_modules\appium\node_modules\appium-uiautomator2-server\apks\appium-uiautomator2-server-v4.27.0.apk' is signed with the default certificate
[debug] [35m[ADB][39m Getting install status for io.appium.uiautomator2.server.test
[debug] [35m[ADB][39m Running 'C:\Users\mhmdr\AppData\Local\Android\Sdk\platform-tools\adb.exe -P 5037 -s RR8R30DEY9E shell dumpsys package io.appium.uiautomator2.server.test'
[debug] [35m[ADB][39m 'io.appium.uiautomator2.server.test' is installed
[debug] [35m[ADB][39m Checking app cert for C:\Users\mhmdr\AppData\Roaming\npm\node_modules\appium\node_modules\appium-uiautomator2-server\apks\appium-uiautomator2-server-debug-androidTest.apk
[debug] [35m[ADB][39m Starting apksigner: C:\\Users\\mhmdr\\Downloads\\Katalon_Studio_Windows_64-8.6.5\\Katalon_Studio_Windows_64-8.6.5\\Katalon_Studio_Windows_64-8.6.5\\jre\\bin\\java.exe -Xmx1024M -Xss1m -jar C:\\Users\\mhmdr\\AppData\\Local\\Android\\Sdk\\build-tools\\34.0.0\\lib\\apksigner.jar verify --print-certs C:\\Users\\mhmdr\\AppData\\Roaming\\npm\\node_modules\\appium\\node_modules\\appium-uiautomator2-server\\apks\\appium-uiautomator2-server-debug-androidTest.apk
[debug] [35m[ADB][39m apksigner stdout: Signer #1 certificate DN: EMAILADDRESS=android@android.com, CN=Android, OU=Android, O=Android, L=Mountain View, ST=California, C=US
[debug] [35m[ADB][39m Signer #1 certificate SHA-256 digest: a40da80a59d170caa950cf15c18c454d47a39b26989d8b640ecd745ba71bf5dc
[debug] [35m[ADB][39m Signer #1 certificate SHA-1 digest: 61ed377e85d386a8dfee6b864bd85b0bfaa5af81
[debug] [35m[ADB][39m Signer #1 certificate MD5 digest: e89b158e4bcf988ebd09eb83f5378e87
[debug] [35m[ADB][39m 
[debug] [35m[ADB][39m sha256 hash did match for 'appium-uiautomator2-server-debug-androidTest.apk'
[35m[ADB][39m 'C:\Users\mhmdr\AppData\Roaming\npm\node_modules\appium\node_modules\appium-uiautomator2-server\apks\appium-uiautomator2-server-debug-androidTest.apk' is signed with the default certificate
[35m[UiAutomator2][39m Server packages are not going to be (re)installed
[debug] [35m[UiAutomator2][39m Waiting up to 30000ms for services to be available
[debug] [35m[ADB][39m Running 'C:\Users\mhmdr\AppData\Local\Android\Sdk\platform-tools\adb.exe -P 5037 -s RR8R30DEY9E shell pm list instrumentation'
[debug] [35m[UiAutomator2][39m Instrumentation target 'io.appium.uiautomator2.server.test/androidx.test.runner.AndroidJUnitRunner' is available
[35m[ADB][39m Adding packages ["io.appium.settings","io.appium.uiautomator2.server","io.appium.uiautomator2.server.test"] to Doze whitelist
[debug] [35m[ADB][39m Got the following command chunks to execute: [["dumpsys","deviceidle","whitelist","+io.appium.settings",";","dumpsys","deviceidle","whitelist","+io.appium.uiautomator2.server",";","dumpsys","deviceidle","whitelist","+io.appium.uiautomator2.server.test",";"]]
[debug] [35m[ADB][39m Running 'C:\Users\mhmdr\AppData\Local\Android\Sdk\platform-tools\adb.exe -P 5037 -s RR8R30DEY9E shell dumpsys deviceidle whitelist +io.appium.settings ; dumpsys deviceidle whitelist +io.appium.uiautomator2.server ; dumpsys deviceidle whitelist +io.appium.uiautomator2.server.test ;'
[debug] [35m[ADB][39m Checking app cert for C:\Users\mhmdr\Desktop\SQA-Wave9-Kelompok2\androidapp\app-release-second-hand-gcp.apk
[debug] [35m[ADB][39m Starting apksigner: C:\\Users\\mhmdr\\Downloads\\Katalon_Studio_Windows_64-8.6.5\\Katalon_Studio_Windows_64-8.6.5\\Katalon_Studio_Windows_64-8.6.5\\jre\\bin\\java.exe -Xmx1024M -Xss1m -jar C:\\Users\\mhmdr\\AppData\\Local\\Android\\Sdk\\build-tools\\34.0.0\\lib\\apksigner.jar verify --print-certs C:\\Users\\mhmdr\\Desktop\\SQA-Wave9-Kelompok2\\androidapp\\app-release-second-hand-gcp.apk
[debug] [35m[ADB][39m apksigner stdout: Signer #1 certificate DN: CN=Second Hand
[debug] [35m[ADB][39m Signer #1 certificate SHA-256 digest: b9cc92a7001c0ce707c454ce9495bca5e7a9b8487210e0933e55b9dfddd987ec
[debug] [35m[ADB][39m Signer #1 certificate SHA-1 digest: 3a18164efeae3482d6feef870a296f485ccb10fa
[debug] [35m[ADB][39m Signer #1 certificate MD5 digest: 71dbf66805cfe52628f8ed80f1d2c3cb
[debug] [35m[ADB][39m 
[35m[ADB][39m 'C:\Users\mhmdr\Desktop\SQA-Wave9-Kelompok2\androidapp\app-release-second-hand-gcp.apk' is signed with a non-default certificate
[debug] [35m[ADB][39m Getting install status for id.binar.fp.secondhand
[debug] [35m[ADB][39m Running 'C:\Users\mhmdr\AppData\Local\Android\Sdk\platform-tools\adb.exe -P 5037 -s RR8R30DEY9E shell dumpsys package id.binar.fp.secondhand'
[debug] [35m[ADB][39m 'id.binar.fp.secondhand' is installed
[debug] [35m[ADB][39m Getting package info for 'id.binar.fp.secondhand'
[debug] [35m[ADB][39m Running 'C:\Users\mhmdr\AppData\Local\Android\Sdk\platform-tools\adb.exe -P 5037 -s RR8R30DEY9E shell dumpsys package id.binar.fp.secondhand'
[debug] [35m[ADB][39m The version name of the installed 'id.binar.fp.secondhand' is greater or equal to the application version name ('1.0.0' >= '1.0.0')
[debug] [35m[ADB][39m There is no need to install/upgrade 'C:\Users\mhmdr\Desktop\SQA-Wave9-Kelompok2\androidapp\app-release-second-hand-gcp.apk'
[debug] [35m[UiAutomator2][39m Performing shallow cleanup of automation leftovers
[debug] [35m[UiAutomator2][39m No obsolete sessions have been detected (socket hang up)
[debug] [35m[ADB][39m Running 'C:\Users\mhmdr\AppData\Local\Android\Sdk\platform-tools\adb.exe -P 5037 -s RR8R30DEY9E shell am force-stop io.appium.uiautomator2.server.test'
[35m[UiAutomator2][39m Starting UIAutomator2 server 4.27.0
[35m[UiAutomator2][39m Using UIAutomator2 server from 'C:\Users\mhmdr\AppData\Roaming\npm\node_modules\appium\node_modules\appium-uiautomator2-server\apks\appium-uiautomator2-server-v4.27.0.apk' and test from 'C:\Users\mhmdr\AppData\Roaming\npm\node_modules\appium\node_modules\appium-uiautomator2-server\apks\appium-uiautomator2-server-debug-androidTest.apk'
[35m[UiAutomator2][39m Waiting up to 30000ms for UiAutomator2 to be online...
[debug] [35m[ADB][39m Creating ADB subprocess with args: ["-P",5037,"-s","RR8R30DEY9E","shell","am","instrument","-w","-e","disableAnalytics",true,"io.appium.uiautomator2.server.test/androidx.test.runner.AndroidJUnitRunner"]
[debug] [35m[WD Proxy][39m Matched '/status' to command name 'getStatus'
[debug] [35m[WD Proxy][39m Proxying [GET /status] to [GET http://127.0.0.1:56465/wd/hub/status] with no body
[35m[WD Proxy][39m socket hang up
[debug] [35m[Instrumentation][39m io.appium.uiautomator2.server.test.AppiumUiAutomator2Server:
[debug] [35m[WD Proxy][39m Matched '/status' to command name 'getStatus'
[debug] [35m[WD Proxy][39m Proxying [GET /status] to [GET http://127.0.0.1:56465/wd/hub/status] with no body
[35m[WD Proxy][39m socket hang up
[debug] [35m[WD Proxy][39m Matched '/status' to command name 'getStatus'
[debug] [35m[WD Proxy][39m Proxying [GET /status] to [GET http://127.0.0.1:56465/wd/hub/status] with no body
[35m[WD Proxy][39m socket hang up
[debug] [35m[WD Proxy][39m Matched '/status' to command name 'getStatus'
[debug] [35m[WD Proxy][39m Proxying [GET /status] to [GET http://127.0.0.1:56465/wd/hub/status] with no body
[debug] [35m[WD Proxy][39m Got response with status 200: {"sessionId":"None","value":{"message":"UiAutomator2 Server is ready to accept commands","ready":true}}
[debug] [35m[UiAutomator2][39m The initialization of the instrumentation process took 3141ms
[debug] [35m[WD Proxy][39m Matched '/session' to command name 'createSession'
[debug] [35m[WD Proxy][39m Proxying [POST /session] to [POST http://127.0.0.1:56465/wd/hub/session] with body: {"capabilities":{"firstMatch":[{"platform":"ANDROID","webStorageEnabled":false,"takesScreenshot":true,"javascriptEnabled":true,"databaseEnabled":false,"networkConnectionEnabled":true,"locationContextEnabled":false,"warnings":{},"desired":{"platformName":"android","platform":"ANDROID","chromedriverPort":56467,"app":"C:\\Users\\mhmdr\\Desktop\\SQA-Wave9-Kelompok2\\androidapp\\app-release-second-hand-gcp.apk","autoGrantPermissions":true,"automationName":"uiautomator2","deviceName":"samsung SM-A725F (Android 13)","fullReset":false,"newCommandTimeout":1800,"noReset":true,"platformVersion":"13","systemPort":56465,"udid":"RR8R30DEY9E"},"platformName":"android","chromedriverPort":56467,"app":"C:\\Users\\mhmdr\\Desktop\\SQA-Wave9-Kelompok2\\androidapp\\app-release-second-hand-gcp.apk","autoGrantPermissions":true,"automationName":"uiautomator2","deviceName":"RR8R30DEY9E","fullReset":false,"newCommandTimeout":1800,"noReset":true,"platformVersion":"13","systemPort":56465,"udid":"RR8R30DEY9E","deviceUDID":"RR8R30DEY9E"...
[debug] [35m[WD Proxy][39m Got response with status 200: {"sessionId":"5e04b061-ee61-4650-8992-353d04ad5641","value":{"capabilities":{"firstMatch":[{"platform":"ANDROID","webStorageEnabled":false,"takesScreenshot":true,"javascriptEnabled":true,"databaseEnabled":false,"networkConnectionEnabled":true,"locationContextEnabled":false,"warnings":{},"desired":{"platformName":"android","platform":"ANDROID","chromedriverPort":56467,"app":"C:\\Users\\mhmdr\\Desktop\\SQA-Wave9-Kelompok2\\androidapp\\app-release-second-hand-gcp.apk","autoGrantPermissions":true,"automationName":"uiautomator2","deviceName":"samsung SM-A725F (Android 13)","fullReset":false,"newCommandTimeout":1800,"noReset":true,"platformVersion":"13","systemPort":56465,"udid":"RR8R30DEY9E"},"platformName":"android","chromedriverPort":56467,"app":"C:\\Users\\mhmdr\\Desktop\\SQA-Wave9-Kelompok2\\androidapp\\app-release-second-hand-gcp.apk","autoGrantPermissions":true,"automationName":"uiautomator2","deviceName":"RR8R30DEY9E","fullReset":false,"newCommandTimeout":1800,"noReset":true,"platformVersion":"13","syste...
[35m[WD Proxy][39m Determined the downstream protocol as 'W3C'
[debug] [35m[WD Proxy][39m Proxying [GET /appium/device/info] to [GET http://127.0.0.1:56465/wd/hub/session/5e04b061-ee61-4650-8992-353d04ad5641/appium/device/info] with no body
[debug] [35m[WD Proxy][39m Got response with status 200: {"sessionId":"5e04b061-ee61-4650-8992-353d04ad5641","value":{"androidId":"521a1c8f050004e8","apiVersion":"33","bluetooth":{"state":"OFF"},"brand":"samsung","carrierName":"Telkomsel","displayDensity":450,"locale":"en_US","manufacturer":"samsung","model":"SM-A725F","networks":[{"capabilities":{"SSID":null,"linkDownBandwidthKbps":26000,"linkUpstreamBandwidthKbps":10547,"networkCapabilities":"NET_CAPABILITY_NOT_METERED,NET_CAPABILITY_INTERNET,NET_CAPABILITY_NOT_RESTRICTED,NET_CAPABILITY_TRUSTED,NET_CAPABILITY_NOT_VPN,NET_CAPABILITY_VALIDATED,NET_CAPABILITY_NOT_ROAMING,NET_CAPABILITY_FOREGROUND,NET_CAPABILITY_NOT_CONGESTED,NET_CAPABILITY_NOT_SUSPENDED","signalStrength":-59,"transportTypes":"TRANSPORT_WIFI"},"detailedState":"CONNECTED","extraInfo":"","isAvailable":true,"isConnected":true,"isFailover":false,"isRoaming":false,"state":"CONNECTED","subtype":-1,"subtypeName":"","type":1,"typeName":"WIFI"}],"platformVersion":"13","realDisplaySize":"1080x2400","timeZone":"Asia/Jakarta"}}
[debug] [35m[ADB][39m Running 'C:\Users\mhmdr\AppData\Local\Android\Sdk\platform-tools\adb.exe -P 5037 -s RR8R30DEY9E shell dumpsys window'
[35m[AndroidDriver][39m Screen already unlocked, doing nothing
[35m[UiAutomator2][39m Starting 'id.binar.fp.secondhand/id.binar.fp.secondhand.ui.main.MainActivity and waiting for 'id.binar.fp.secondhand/id.binar.fp.secondhand.ui.main.MainActivity'
[debug] [35m[ADB][39m Running 'C:\Users\mhmdr\AppData\Local\Android\Sdk\platform-tools\adb.exe -P 5037 -s RR8R30DEY9E shell am start -W -n id.binar.fp.secondhand/id.binar.fp.secondhand.ui.main.MainActivity -S -a android.intent.action.MAIN -c android.intent.category.LAUNCHER -f 0x10200000'
[debug] [35m[ADB][39m Waiting up to 20000ms for activity matching pkg: 'id.binar.fp.secondhand' and activity: 'id.binar.fp.secondhand.ui.main.MainActivity' to be focused
[debug] [35m[ADB][39m Possible activities, to be checked: 'id.binar.fp.secondhand.ui.main.MainActivity', 'id.binar.fp.secondhand.id.binar.fp.secondhand.ui.main.MainActivity'
[debug] [35m[ADB][39m Getting focused package and activity
[debug] [35m[ADB][39m Running 'C:\Users\mhmdr\AppData\Local\Android\Sdk\platform-tools\adb.exe -P 5037 -s RR8R30DEY9E shell dumpsys window displays'
[debug] [35m[ADB][39m Found package: 'id.binar.fp.secondhand' and fully qualified activity name : 'id.binar.fp.secondhand.ui.main.MainActivity'
[debug] [35m[WD Proxy][39m Proxying [GET /appium/device/pixel_ratio] to [GET http://127.0.0.1:56465/wd/hub/session/5e04b061-ee61-4650-8992-353d04ad5641/appium/device/pixel_ratio] with no body
[debug] [35m[WD Proxy][39m Got response with status 200: {"sessionId":"5e04b061-ee61-4650-8992-353d04ad5641","value":2.8125}
[debug] [35m[WD Proxy][39m Matched '/appium/device/system_bars' to command name 'getSystemBars'
[debug] [35m[WD Proxy][39m Proxying [GET /appium/device/system_bars] to [GET http://127.0.0.1:56465/wd/hub/session/5e04b061-ee61-4650-8992-353d04ad5641/appium/device/system_bars] with no body
[debug] [35m[WD Proxy][39m Got response with status 200: {"sessionId":"5e04b061-ee61-4650-8992-353d04ad5641","value":{"statusBar":86}}
[debug] [35m[WD Proxy][39m Matched '/window/current/size' to command name 'getWindowSize'
[debug] [35m[WD Proxy][39m Proxying [GET /window/current/size] to [GET http://127.0.0.1:56465/wd/hub/session/5e04b061-ee61-4650-8992-353d04ad5641/window/current/size] with no body
[debug] [35m[WD Proxy][39m Got response with status 200: {"sessionId":"5e04b061-ee61-4650-8992-353d04ad5641","value":{"height":2179,"width":1080}}
[35m[Appium][39m New AndroidUiautomator2Driver session created successfully, session 9411680c-3cdf-44c2-867b-e2ab9ec2aaa7 added to master session list
[debug] [35m[BaseDriver][39m Event 'newSessionStarted' logged at 1690174323573 (11:52:03 GMT+0700 (Western Indonesia Time))
[debug] [35m[W3C (9411680c)][39m Cached the protocol value 'W3C' for the new session 9411680c-3cdf-44c2-867b-e2ab9ec2aaa7
[debug] [35m[W3C (9411680c)][39m Responding to client with driver.createSession() result: {"capabilities":{"platform":"ANDROID","webStorageEnabled":false,"takesScreenshot":true,"javascriptEnabled":true,"databaseEnabled":false,"networkConnectionEnabled":true,"locationContextEnabled":false,"warnings":{},"desired":{"platformName":"android","platform":"ANDROID","chromedriverPort":56467,"app":"C:\\Users\\mhmdr\\Desktop\\SQA-Wave9-Kelompok2\\androidapp\\app-release-second-hand-gcp.apk","autoGrantPermissions":true,"automationName":"uiautomator2","deviceName":"samsung SM-A725F (Android 13)","fullReset":false,"newCommandTimeout":1800,"noReset":true,"platformVersion":"13","systemPort":56465,"udid":"RR8R30DEY9E"},"platformName":"android","chromedriverPort":56467,"app":"C:\\Users\\mhmdr\\Desktop\\SQA-Wave9-Kelompok2\\androidapp\\app-release-second-hand-gcp.apk","autoGrantPermissions":true,"automationName":"uiautomator2","deviceName":"RR8R30DEY9E","fullReset":false,"newCommandTimeout":1800,"noReset":true,"platformVersion":"13","systemPort":56465,"udid":"RR8R30DEY9E","deviceUDID":"RR8R30DEY9E","appPackage":"...
[35m[HTTP][39m [37m<-- POST /wd/hub/session [39m[32m200[39m [90m9572 ms - 1341[39m
[35m[HTTP][39m [90m[39m
[35m[HTTP][39m [37m-->[39m [37mGET[39m [37m/wd/hub/session/9411680c-3cdf-44c2-867b-e2ab9ec2aaa7[39m
[35m[HTTP][39m [90m{}[39m
[debug] [35m[W3C (9411680c)][39m Calling AppiumDriver.getSession() with args: ["9411680c-3cdf-44c2-867b-e2ab9ec2aaa7"]
[debug] [35m[UiAutomator2][39m Getting session details from server to mix in
[debug] [35m[WD Proxy][39m Matched '/' to command name 'getSession'
[debug] [35m[WD Proxy][39m Proxying [GET /] to [GET http://127.0.0.1:56465/wd/hub/session/5e04b061-ee61-4650-8992-353d04ad5641] with no body
[debug] [35m[WD Proxy][39m Got response with status 200: {"sessionId":"5e04b061-ee61-4650-8992-353d04ad5641","value":{"lastScrollData":null}}
[debug] [35m[W3C (9411680c)][39m Responding to client with driver.getSession() result: {"platform":"ANDROID","webStorageEnabled":false,"takesScreenshot":true,"javascriptEnabled":true,"databaseEnabled":false,"networkConnectionEnabled":true,"locationContextEnabled":false,"warnings":{},"desired":{"platformName":"android","platform":"ANDROID","chromedriverPort":56467,"app":"C:\\Users\\mhmdr\\Desktop\\SQA-Wave9-Kelompok2\\androidapp\\app-release-second-hand-gcp.apk","autoGrantPermissions":true,"automationName":"uiautomator2","deviceName":"samsung SM-A725F (Android 13)","fullReset":false,"newCommandTimeout":1800,"noReset":true,"platformVersion":"13","systemPort":56465,"udid":"RR8R30DEY9E"},"platformName":"android","chromedriverPort":56467,"app":"C:\\Users\\mhmdr\\Desktop\\SQA-Wave9-Kelompok2\\androidapp\\app-release-second-hand-gcp.apk","autoGrantPermissions":true,"automationName":"uiautomator2","deviceName":"RR8R30DEY9E","fullReset":false,"newCommandTimeout":1800,"noReset":true,"platformVersion":"13","systemPort":56465,"udid":"RR8R30DEY9E","deviceUDID":"RR8R30DEY9E","appPackage":"id.binar.fp.seco...
[35m[HTTP][39m [37m<-- GET /wd/hub/session/9411680c-3cdf-44c2-867b-e2ab9ec2aaa7 [39m[32m200[39m [90m24 ms - 1295[39m
[35m[HTTP][39m [90m[39m
[35m[HTTP][39m [37m-->[39m [37mGET[39m [37m/wd/hub/session/9411680c-3cdf-44c2-867b-e2ab9ec2aaa7[39m
[35m[HTTP][39m [90m{}[39m
[debug] [35m[W3C (9411680c)][39m Calling AppiumDriver.getSession() with args: ["9411680c-3cdf-44c2-867b-e2ab9ec2aaa7"]
[debug] [35m[UiAutomator2][39m Getting session details from server to mix in
[debug] [35m[WD Proxy][39m Matched '/' to command name 'getSession'
[debug] [35m[WD Proxy][39m Proxying [GET /] to [GET http://127.0.0.1:56465/wd/hub/session/5e04b061-ee61-4650-8992-353d04ad5641] with no body
[debug] [35m[WD Proxy][39m Got response with status 200: {"sessionId":"5e04b061-ee61-4650-8992-353d04ad5641","value":{"lastScrollData":null}}
[debug] [35m[W3C (9411680c)][39m Responding to client with driver.getSession() result: {"platform":"ANDROID","webStorageEnabled":false,"takesScreenshot":true,"javascriptEnabled":true,"databaseEnabled":false,"networkConnectionEnabled":true,"locationContextEnabled":false,"warnings":{},"desired":{"platformName":"android","platform":"ANDROID","chromedriverPort":56467,"app":"C:\\Users\\mhmdr\\Desktop\\SQA-Wave9-Kelompok2\\androidapp\\app-release-second-hand-gcp.apk","autoGrantPermissions":true,"automationName":"uiautomator2","deviceName":"samsung SM-A725F (Android 13)","fullReset":false,"newCommandTimeout":1800,"noReset":true,"platformVersion":"13","systemPort":56465,"udid":"RR8R30DEY9E"},"platformName":"android","chromedriverPort":56467,"app":"C:\\Users\\mhmdr\\Desktop\\SQA-Wave9-Kelompok2\\androidapp\\app-release-second-hand-gcp.apk","autoGrantPermissions":true,"automationName":"uiautomator2","deviceName":"RR8R30DEY9E","fullReset":false,"newCommandTimeout":1800,"noReset":true,"platformVersion":"13","systemPort":56465,"udid":"RR8R30DEY9E","deviceUDID":"RR8R30DEY9E","appPackage":"id.binar.fp.seco...
[35m[HTTP][39m [37m<-- GET /wd/hub/session/9411680c-3cdf-44c2-867b-e2ab9ec2aaa7 [39m[32m200[39m [90m21 ms - 1295[39m
[35m[HTTP][39m [90m[39m
[35m[HTTP][39m [37m-->[39m [37mGET[39m [37m/wd/hub/status[39m
[35m[HTTP][39m [90m{}[39m
[debug] [35m[GENERIC][39m Calling AppiumDriver.getStatus() with args: []
[debug] [35m[GENERIC][39m Responding to client with driver.getStatus() result: {"build":{"version":"1.22.3"}}
[35m[HTTP][39m [37m<-- GET /wd/hub/status [39m[32m200[39m [90m1 ms - 68[39m
[35m[HTTP][39m [90m[39m
[35m[HTTP][39m [37m-->[39m [37mPOST[39m [37m/wd/hub/session/9411680c-3cdf-44c2-867b-e2ab9ec2aaa7/timeouts[39m
[35m[HTTP][39m [90m{"implicit":30000}[39m
[debug] [35m[W3C (9411680c)][39m Calling AppiumDriver.timeouts() with args: [null,null,null,null,30000,"9411680c-3cdf-44c2-867b-e2ab9ec2aaa7"]
[debug] [35m[BaseDriver][39m W3C timeout argument: {"implicit":30000}}
[debug] [35m[BaseDriver][39m Set implicit wait to 30000ms
[debug] [35m[W3C (9411680c)][39m Responding to client with driver.timeouts() result: null
[35m[HTTP][39m [37m<-- POST /wd/hub/session/9411680c-3cdf-44c2-867b-e2ab9ec2aaa7/timeouts [39m[32m200[39m [90m2 ms - 14[39m
[35m[HTTP][39m [90m[39m
[35m[HTTP][39m [37m-->[39m [37mGET[39m [37m/wd/hub/session/9411680c-3cdf-44c2-867b-e2ab9ec2aaa7/screenshot[39m
[35m[HTTP][39m [90m{}[39m
[debug] [35m[W3C (9411680c)][39m Calling AppiumDriver.getScreenshot() with args: ["9411680c-3cdf-44c2-867b-e2ab9ec2aaa7"]
[debug] [35m[WD Proxy][39m Matched '/screenshot' to command name 'getScreenshot'
[debug] [35m[WD Proxy][39m Proxying [GET /screenshot] to [GET http://127.0.0.1:56465/wd/hub/session/5e04b061-ee61-4650-8992-353d04ad5641/screenshot] with no body
[debug] [35m[WD Proxy][39m Got response with status 200: {"sessionId":"5e04b061-ee61-4650-8992-353d04ad5641","value":"iVBORw0KGgoAAAANSUhEUgAABDgAAAlgCAYAAABtGofVAAAAAXNSR0IArs4c6QAAAARzQklUCAgI\nCHwIZIgAACAASURBVHic7N17dFvVnf/9tyTLkuWLfLfjxLlASEICOG2aCxBIIJCEEkhLgTKlJE+7\nHph2+rSd9DJda2hn+utqZ5jOrHb92k4LZXqD0pbQYUigpJDmQmCSACmJgVwJSRwnsZ3YsWXLlmxZ\n0vOHrBPJkm3ZlizLfF5rZUWSj7b20c0+n7P3d5sW83wQEREREREREZEMZk53B0RERERERERERksB\nh4iIiIiIiIhkPAUcIiIiIiIiIpLxFHCIiIiIiIiISMZTwCEiIiIiIiIiGU8Bh4iIiIiIiIhkPAUc\nIiIiIiIiIpLxFHCIiIiIiIiISMZTwCEiIiIiIiIiGU8Bh4iIiIiIiIhkPAUcIiIiIiIiIpLxFHCI\niIiIiIiISMZTwCEiIiIiIiIiGU8Bh4iIiIiIiIhkPAUcIiIiIiIiIpLxFHCIiIiIiIiISMZTwCEi\nIiIiIiIiGU8Bh4iIiIiIiIhkPAUcIiIiIiIiIpLxFHCIiIiIiIiISMZTwCEiIiIiIiIiGU8Bh4iI\niIiIiIhkPAUcIiIiIiIiIpLxFHCIiIiIiIiISMZTwCEiIiIiIiIiGU8Bh4iIiIiIiIhkPAUcIiIi\nIiIiIpLxFHCIiIiIiIiISMZTwCEiIiIiIiIiGU8Bh4iIiIiIiIhkPAUcIiIiIiIiIpLxFHCIiIiI\niIiISMZTwCEiIiIiIiIiGU8Bh4iIiIiIiIhkPAUcIiIiIiIiIpLxFHCIiIiIiIiISMZTwCEiIiIi\nIiIiGU8Bh4iIiIiIiIhkPAUcIiIiIiIiIpLxFHCIiIiIiIiISMbLSncHRERERERExpoPFx7q8NFG\nN4346QYggAczOcZ2Niqw4sTB...
[debug] [35m[W3C (9411680c)][39m Responding to client with driver.getScreenshot() result: "iVBORw0KGgoAAAANSUhEUgAABDgAAAlgCAYAAABtGofVAAAAAXNSR0IArs4c6QAAAARzQklUCAgI\nCHwIZIgAACAASURBVHic7N17dFvVnf/9tyTLkuWLfLfjxLlASEICOG2aCxBIIJCEEkhLgTKlJE+7\nHph2+rSd9DJda2hn+utqZ5jOrHb92k4LZXqD0pbQYUigpJDmQmCSACmJgVwJSRwnsZ3YsWXLlmxZ\n0vOHrBPJkm3ZlizLfF5rZUWSj7b20c0+n7P3d5sW83wQEREREREREZEMZk53B0RERERERERERksB\nh4iIiIiIiIhkPAUcIiIiIiIiIpLxFHCIiIiIiIiISMZTwCEiIiIiIiIiGU8Bh4iIiIiIiIhkPAUc\nIiIiIiIiIpLxFHCIiIiIiIiISMZTwCEiIiIiIiIiGU8Bh4iIiIiIiIhkPAUcIiIiIiIiIpLxFHCI\niIiIiIiISMZTwCEiIiIiIiIiGU8Bh4iIiIiIiIhkPAUcIiIiIiIiIpLxFHCIiIiIiIiISMZTwCEi\nIiIiIiIiGU8Bh4iIiIiIiIhkPAUcIiIiIiIiIpLxFHCIiIiIiIiISMZTwCEiIiIiIiIiGU8Bh4iI\niIiIiIhkPAUcIiIiIiIiIpLxFHCIiIiIiIiISMZTwCEiIiIiIiIiGU8Bh4iIiIiIiIhkPAUcIiIi\nIiIiIpLxFHCIiIiIiIiISMZTwCEiIiIiIiIiGU8Bh4iIiIiIiIhkPAUcIiIiIiIiIpLxFHCIiIiI\niIiISMZTwCEiIiIiIiIiGU8Bh4iIiIiIiIhkPAUcIiIiIiIiIpLxFHCIiIiIiIiISMZTwCEiIiIi\nIiIiGU8Bh4iIiIiIiIhkPAUcIiIiIiIiIpLxFHCIiIiIiIiISMbLSncHRERERERExpoPFx7q8NFG\nN4346QYggAczOcZ2Niqw4sTBNGxUpqu7IpIABRySREECdANmzFgBU7o7JCIiIkIAL26O4sMV9+dm\nbDipwY...
[35m[HTTP][39m [37m<-- GET /wd/hub/session/9411680c-3cdf-44c2-867b-e2ab9ec2aaa7/screenshot [39m[32m200[39m [90m651 ms - 197960[39m
[35m[HTTP][39m [90m[39m
[35m[HTTP][39m [37m-->[39m [37mGET[39m [37m/wd/hub/session/9411680c-3cdf-44c2-867b-e2ab9ec2aaa7/window/rect[39m
[35m[HTTP][39m [90m{}[39m
[debug] [35m[W3C (9411680c)][39m Calling AppiumDriver.getWindowRect() with args: ["9411680c-3cdf-44c2-867b-e2ab9ec2aaa7"]
[debug] [35m[WD Proxy][39m Matched '/window/current/size' to command name 'getWindowSize'
[debug] [35m[WD Proxy][39m Proxying [GET /window/current/size] to [GET http://127.0.0.1:56465/wd/hub/session/5e04b061-ee61-4650-8992-353d04ad5641/window/current/size] with no body
[debug] [35m[WD Proxy][39m Got response with status 200: {"sessionId":"5e04b061-ee61-4650-8992-353d04ad5641","value":{"height":2179,"width":1080}}
[debug] [35m[W3C (9411680c)][39m Responding to client with driver.getWindowRect() result: {"width":1080,"height":2179,"x":0,"y":0}
[35m[HTTP][39m [37m<-- GET /wd/hub/session/9411680c-3cdf-44c2-867b-e2ab9ec2aaa7/window/rect [39m[32m200[39m [90m23 ms - 50[39m
[35m[HTTP][39m [90m[39m
[35m[HTTP][39m [37m-->[39m [37mGET[39m [37m/wd/hub/session/9411680c-3cdf-44c2-867b-e2ab9ec2aaa7/appium/device/system_bars[39m
[35m[HTTP][39m [90m{}[39m
[debug] [35m[W3C (9411680c)][39m Calling AppiumDriver.getSystemBars() with args: ["9411680c-3cdf-44c2-867b-e2ab9ec2aaa7"]
[debug] [35m[ADB][39m Running 'C:\Users\mhmdr\AppData\Local\Android\Sdk\platform-tools\adb.exe -P 5037 -s RR8R30DEY9E shell dumpsys window windows'
[debug] [35m[W3C (9411680c)][39m Responding to client with driver.getSystemBars() result: {"statusBar":{"visible":true,"x":0,"y":0,"width":null,"height":1},"navigationBar":{"visible":true,"x":0,"y":0,"width":null,"height":1}}
[35m[HTTP][39m [37m<-- GET /wd/hub/session/9411680c-3cdf-44c2-867b-e2ab9ec2aaa7/appium/device/system_bars [39m[32m200[39m [90m126 ms - 145[39m
[35m[HTTP][39m [90m[39m
[35m[HTTP][39m [37m-->[39m [37mPOST[39m [37m/wd/hub/session/9411680c-3cdf-44c2-867b-e2ab9ec2aaa7/timeouts[39m
[35m[HTTP][39m [90m{"implicit":50}[39m
[debug] [35m[W3C (9411680c)][39m Calling AppiumDriver.timeouts() with args: [null,null,null,null,50,"9411680c-3cdf-44c2-867b-e2ab9ec2aaa7"]
[debug] [35m[BaseDriver][39m W3C timeout argument: {"implicit":50}}
[debug] [35m[BaseDriver][39m Set implicit wait to 50ms
[debug] [35m[W3C (9411680c)][39m Responding to client with driver.timeouts() result: null
[35m[HTTP][39m [37m<-- POST /wd/hub/session/9411680c-3cdf-44c2-867b-e2ab9ec2aaa7/timeouts [39m[32m200[39m [90m2 ms - 14[39m
[35m[HTTP][39m [90m[39m
[35m[HTTP][39m [37m-->[39m [37mGET[39m [37m/wd/hub/session/9411680c-3cdf-44c2-867b-e2ab9ec2aaa7/window/rect[39m
[35m[HTTP][39m [90m{}[39m
[debug] [35m[W3C (9411680c)][39m Calling AppiumDriver.getWindowRect() with args: ["9411680c-3cdf-44c2-867b-e2ab9ec2aaa7"]
[debug] [35m[WD Proxy][39m Matched '/window/current/size' to command name 'getWindowSize'
[debug] [35m[WD Proxy][39m Proxying [GET /window/current/size] to [GET http://127.0.0.1:56465/wd/hub/session/5e04b061-ee61-4650-8992-353d04ad5641/window/current/size] with no body
[debug] [35m[WD Proxy][39m Got response with status 200: {"sessionId":"5e04b061-ee61-4650-8992-353d04ad5641","value":{"height":2179,"width":1080}}
[debug] [35m[W3C (9411680c)][39m Responding to client with driver.getWindowRect() result: {"width":1080,"height":2179,"x":0,"y":0}
[35m[HTTP][39m [37m<-- GET /wd/hub/session/9411680c-3cdf-44c2-867b-e2ab9ec2aaa7/window/rect [39m[32m200[39m [90m15 ms - 50[39m
[35m[HTTP][39m [90m[39m
[35m[HTTP][39m [37m-->[39m [37mPOST[39m [37m/wd/hub/session/9411680c-3cdf-44c2-867b-e2ab9ec2aaa7/elements[39m
[35m[HTTP][39m [90m{"using":"xpath","value":"//*[@class = 'android.widget.TextView' and (@text = 'Akun' or . = 'Akun') and @resource-id = 'id.binar.fp.secondhand:id/navigation_bar_item_small_label_view']"}[39m
[debug] [35m[W3C (9411680c)][39m Calling AppiumDriver.findElements() with args: ["xpath","//*[@class = 'android.widget.TextView' and (@text = 'Akun' or . = 'Akun') and @resource-id = 'id.binar.fp.secondhand:id/navigation_bar_item_small_label_view']","9411680c-3cdf-44c2-867b-e2ab9ec2aaa7"]
[debug] [35m[BaseDriver][39m Valid locator strategies for this request: xpath, id, class name, accessibility id, css selector, -android uiautomator
[debug] [35m[BaseDriver][39m Waiting up to 50 ms for condition
[debug] [35m[WD Proxy][39m Matched '/elements' to command name 'findElements'
[debug] [35m[WD Proxy][39m Proxying [POST /elements] to [POST http://127.0.0.1:56465/wd/hub/session/5e04b061-ee61-4650-8992-353d04ad5641/elements] with body: {"strategy":"xpath","selector":"//*[@class = 'android.widget.TextView' and (@text = 'Akun' or . = 'Akun') and @resource-id = 'id.binar.fp.secondhand:id/navigation_bar_item_small_label_view']","context":"","multiple":true}
[debug] [35m[WD Proxy][39m Got response with status 200: {"sessionId":"5e04b061-ee61-4650-8992-353d04ad5641","value":[{"ELEMENT":"00000000-0000-1482-ffff-ffff0000020b","element-6066-11e4-a52e-4f735466cecf":"00000000-0000-1482-ffff-ffff0000020b"}]}
[debug] [35m[W3C (9411680c)][39m Responding to client with driver.findElements() result: [{"element-6066-11e4-a52e-4f735466cecf":"00000000-0000-1482-ffff-ffff0000020b","ELEMENT":"00000000-0000-1482-ffff-ffff0000020b"}]
[35m[HTTP][39m [37m<-- POST /wd/hub/session/9411680c-3cdf-44c2-867b-e2ab9ec2aaa7/elements [39m[32m200[39m [90m792 ms - 139[39m
[35m[HTTP][39m [90m[39m
[35m[HTTP][39m [37m-->[39m [37mGET[39m [37m/wd/hub/session/9411680c-3cdf-44c2-867b-e2ab9ec2aaa7/element/00000000-0000-1482-ffff-ffff0000020b/location[39m
[35m[HTTP][39m [90m{}[39m
[35m[W3C (9411680c)][39m Driver proxy active, passing request on via HTTP proxy
[debug] [35m[WD Proxy][39m Matched '/wd/hub/session/9411680c-3cdf-44c2-867b-e2ab9ec2aaa7/element/00000000-0000-1482-ffff-ffff0000020b/location' to command name 'getLocation'
[debug] [35m[WD Proxy][39m Proxying [GET /wd/hub/session/9411680c-3cdf-44c2-867b-e2ab9ec2aaa7/element/00000000-0000-1482-ffff-ffff0000020b/location] to [GET http://127.0.0.1:56465/wd/hub/session/5e04b061-ee61-4650-8992-353d04ad5641/element/00000000-0000-1482-ffff-ffff0000020b/location] with no body
[debug] [35m[WD Proxy][39m Got response with status 200: {"sessionId":"5e04b061-ee61-4650-8992-353d04ad5641","value":{"x":929,"y":2200}}
[35m[WD Proxy][39m Replacing sessionId 5e04b061-ee61-4650-8992-353d04ad5641 with 9411680c-3cdf-44c2-867b-e2ab9ec2aaa7
[35m[HTTP][39m [37m<-- GET /wd/hub/session/9411680c-3cdf-44c2-867b-e2ab9ec2aaa7/element/00000000-0000-1482-ffff-ffff0000020b/location [39m[32m200[39m [90m377 ms - 79[39m
[35m[HTTP][39m [90m[39m
[35m[HTTP][39m [37m-->[39m [37mPOST[39m [37m/wd/hub/session/9411680c-3cdf-44c2-867b-e2ab9ec2aaa7/elements[39m
[35m[HTTP][39m [90m{"using":"xpath","value":"//*[@class = 'android.widget.TextView' and (@text = 'Akun' or . = 'Akun') and @resource-id = 'id.binar.fp.secondhand:id/navigation_bar_item_small_label_view']"}[39m
[debug] [35m[W3C (9411680c)][39m Calling AppiumDriver.findElements() with args: ["xpath","//*[@class = 'android.widget.TextView' and (@text = 'Akun' or . = 'Akun') and @resource-id = 'id.binar.fp.secondhand:id/navigation_bar_item_small_label_view']","9411680c-3cdf-44c2-867b-e2ab9ec2aaa7"]
[debug] [35m[BaseDriver][39m Valid locator strategies for this request: xpath, id, class name, accessibility id, css selector, -android uiautomator
[debug] [35m[BaseDriver][39m Waiting up to 50 ms for condition
[debug] [35m[WD Proxy][39m Matched '/elements' to command name 'findElements'
[debug] [35m[WD Proxy][39m Proxying [POST /elements] to [POST http://127.0.0.1:56465/wd/hub/session/5e04b061-ee61-4650-8992-353d04ad5641/elements] with body: {"strategy":"xpath","selector":"//*[@class = 'android.widget.TextView' and (@text = 'Akun' or . = 'Akun') and @resource-id = 'id.binar.fp.secondhand:id/navigation_bar_item_small_label_view']","context":"","multiple":true}
[debug] [35m[WD Proxy][39m Got response with status 200: {"sessionId":"5e04b061-ee61-4650-8992-353d04ad5641","value":[{"ELEMENT":"00000000-0000-1482-ffff-ffff0000020b","element-6066-11e4-a52e-4f735466cecf":"00000000-0000-1482-ffff-ffff0000020b"}]}
[debug] [35m[W3C (9411680c)][39m Responding to client with driver.findElements() result: [{"element-6066-11e4-a52e-4f735466cecf":"00000000-0000-1482-ffff-ffff0000020b","ELEMENT":"00000000-0000-1482-ffff-ffff0000020b"}]
[35m[HTTP][39m [37m<-- POST /wd/hub/session/9411680c-3cdf-44c2-867b-e2ab9ec2aaa7/elements [39m[32m200[39m [90m660 ms - 139[39m
[35m[HTTP][39m [90m[39m
[35m[HTTP][39m [37m-->[39m [37mGET[39m [37m/wd/hub/session/9411680c-3cdf-44c2-867b-e2ab9ec2aaa7/element/00000000-0000-1482-ffff-ffff0000020b/location[39m
[35m[HTTP][39m [90m{}[39m
[35m[W3C (9411680c)][39m Driver proxy active, passing request on via HTTP proxy
[debug] [35m[WD Proxy][39m Matched '/wd/hub/session/9411680c-3cdf-44c2-867b-e2ab9ec2aaa7/element/00000000-0000-1482-ffff-ffff0000020b/location' to command name 'getLocation'
[debug] [35m[WD Proxy][39m Proxying [GET /wd/hub/session/9411680c-3cdf-44c2-867b-e2ab9ec2aaa7/element/00000000-0000-1482-ffff-ffff0000020b/location] to [GET http://127.0.0.1:56465/wd/hub/session/5e04b061-ee61-4650-8992-353d04ad5641/element/00000000-0000-1482-ffff-ffff0000020b/location] with no body
[debug] [35m[WD Proxy][39m Got response with status 200: {"sessionId":"5e04b061-ee61-4650-8992-353d04ad5641","value":{"x":929,"y":2200}}
[35m[WD Proxy][39m Replacing sessionId 5e04b061-ee61-4650-8992-353d04ad5641 with 9411680c-3cdf-44c2-867b-e2ab9ec2aaa7
[35m[HTTP][39m [37m<-- GET /wd/hub/session/9411680c-3cdf-44c2-867b-e2ab9ec2aaa7/element/00000000-0000-1482-ffff-ffff0000020b/location [39m[32m200[39m [90m318 ms - 79[39m
[35m[HTTP][39m [90m[39m
[35m[HTTP][39m [37m-->[39m [37mPOST[39m [37m/wd/hub/session/9411680c-3cdf-44c2-867b-e2ab9ec2aaa7/timeouts[39m
[35m[HTTP][39m [90m{"implicit":30000}[39m
[debug] [35m[W3C (9411680c)][39m Calling AppiumDriver.timeouts() with args: [null,null,null,null,30000,"9411680c-3cdf-44c2-867b-e2ab9ec2aaa7"]
[debug] [35m[BaseDriver][39m W3C timeout argument: {"implicit":30000}}
[debug] [35m[BaseDriver][39m Set implicit wait to 30000ms
[debug] [35m[W3C (9411680c)][39m Responding to client with driver.timeouts() result: null
[35m[HTTP][39m [37m<-- POST /wd/hub/session/9411680c-3cdf-44c2-867b-e2ab9ec2aaa7/timeouts [39m[32m200[39m [90m1 ms - 14[39m
[35m[HTTP][39m [90m[39m
[35m[HTTP][39m [37m-->[39m [37mPOST[39m [37m/wd/hub/session/9411680c-3cdf-44c2-867b-e2ab9ec2aaa7/timeouts[39m
[35m[HTTP][39m [90m{"implicit":50}[39m
[debug] [35m[W3C (9411680c)][39m Calling AppiumDriver.timeouts() with args: [null,null,null,null,50,"9411680c-3cdf-44c2-867b-e2ab9ec2aaa7"]
[debug] [35m[BaseDriver][39m W3C timeout argument: {"implicit":50}}
[debug] [35m[BaseDriver][39m Set implicit wait to 50ms
[debug] [35m[W3C (9411680c)][39m Responding to client with driver.timeouts() result: null
[35m[HTTP][39m [37m<-- POST /wd/hub/session/9411680c-3cdf-44c2-867b-e2ab9ec2aaa7/timeouts [39m[32m200[39m [90m1 ms - 14[39m
[35m[HTTP][39m [90m[39m
[35m[HTTP][39m [37m-->[39m [37mGET[39m [37m/wd/hub/session/9411680c-3cdf-44c2-867b-e2ab9ec2aaa7/window/rect[39m
[35m[HTTP][39m [90m{}[39m
[debug] [35m[W3C (9411680c)][39m Calling AppiumDriver.getWindowRect() with args: ["9411680c-3cdf-44c2-867b-e2ab9ec2aaa7"]
[debug] [35m[WD Proxy][39m Matched '/window/current/size' to command name 'getWindowSize'
[debug] [35m[WD Proxy][39m Proxying [GET /window/current/size] to [GET http://127.0.0.1:56465/wd/hub/session/5e04b061-ee61-4650-8992-353d04ad5641/window/current/size] with no body
[debug] [35m[WD Proxy][39m Got response with status 200: {"sessionId":"5e04b061-ee61-4650-8992-353d04ad5641","value":{"height":2179,"width":1080}}
[debug] [35m[W3C (9411680c)][39m Responding to client with driver.getWindowRect() result: {"width":1080,"height":2179,"x":0,"y":0}
[35m[HTTP][39m [37m<-- GET /wd/hub/session/9411680c-3cdf-44c2-867b-e2ab9ec2aaa7/window/rect [39m[32m200[39m [90m18 ms - 50[39m
[35m[HTTP][39m [90m[39m
[35m[HTTP][39m [37m-->[39m [37mPOST[39m [37m/wd/hub/session/9411680c-3cdf-44c2-867b-e2ab9ec2aaa7/elements[39m
[35m[HTTP][39m [90m{"using":"xpath","value":"//*[@class = 'android.widget.TextView' and (@text = 'Akun' or . = 'Akun') and @resource-id = 'id.binar.fp.secondhand:id/navigation_bar_item_small_label_view']"}[39m
[debug] [35m[W3C (9411680c)][39m Calling AppiumDriver.findElements() with args: ["xpath","//*[@class = 'android.widget.TextView' and (@text = 'Akun' or . = 'Akun') and @resource-id = 'id.binar.fp.secondhand:id/navigation_bar_item_small_label_view']","9411680c-3cdf-44c2-867b-e2ab9ec2aaa7"]
[debug] [35m[BaseDriver][39m Valid locator strategies for this request: xpath, id, class name, accessibility id, css selector, -android uiautomator
[debug] [35m[BaseDriver][39m Waiting up to 50 ms for condition
[debug] [35m[WD Proxy][39m Matched '/elements' to command name 'findElements'
[debug] [35m[WD Proxy][39m Proxying [POST /elements] to [POST http://127.0.0.1:56465/wd/hub/session/5e04b061-ee61-4650-8992-353d04ad5641/elements] with body: {"strategy":"xpath","selector":"//*[@class = 'android.widget.TextView' and (@text = 'Akun' or . = 'Akun') and @resource-id = 'id.binar.fp.secondhand:id/navigation_bar_item_small_label_view']","context":"","multiple":true}
[debug] [35m[WD Proxy][39m Got response with status 200: {"sessionId":"5e04b061-ee61-4650-8992-353d04ad5641","value":[{"ELEMENT":"00000000-0000-1482-ffff-ffff0000020b","element-6066-11e4-a52e-4f735466cecf":"00000000-0000-1482-ffff-ffff0000020b"}]}
[debug] [35m[W3C (9411680c)][39m Responding to client with driver.findElements() result: [{"element-6066-11e4-a52e-4f735466cecf":"00000000-0000-1482-ffff-ffff0000020b","ELEMENT":"00000000-0000-1482-ffff-ffff0000020b"}]
[35m[HTTP][39m [37m<-- POST /wd/hub/session/9411680c-3cdf-44c2-867b-e2ab9ec2aaa7/elements [39m[32m200[39m [90m428 ms - 139[39m
[35m[HTTP][39m [90m[39m
[35m[HTTP][39m [37m-->[39m [37mGET[39m [37m/wd/hub/session/9411680c-3cdf-44c2-867b-e2ab9ec2aaa7/element/00000000-0000-1482-ffff-ffff0000020b/location[39m
[35m[HTTP][39m [90m{}[39m
[35m[W3C (9411680c)][39m Driver proxy active, passing request on via HTTP proxy
[debug] [35m[WD Proxy][39m Matched '/wd/hub/session/9411680c-3cdf-44c2-867b-e2ab9ec2aaa7/element/00000000-0000-1482-ffff-ffff0000020b/location' to command name 'getLocation'
[debug] [35m[WD Proxy][39m Proxying [GET /wd/hub/session/9411680c-3cdf-44c2-867b-e2ab9ec2aaa7/element/00000000-0000-1482-ffff-ffff0000020b/location] to [GET http://127.0.0.1:56465/wd/hub/session/5e04b061-ee61-4650-8992-353d04ad5641/element/00000000-0000-1482-ffff-ffff0000020b/location] with no body
[debug] [35m[WD Proxy][39m Got response with status 200: {"sessionId":"5e04b061-ee61-4650-8992-353d04ad5641","value":{"x":929,"y":2200}}
[35m[WD Proxy][39m Replacing sessionId 5e04b061-ee61-4650-8992-353d04ad5641 with 9411680c-3cdf-44c2-867b-e2ab9ec2aaa7
[35m[HTTP][39m [37m<-- GET /wd/hub/session/9411680c-3cdf-44c2-867b-e2ab9ec2aaa7/element/00000000-0000-1482-ffff-ffff0000020b/location [39m[32m200[39m [90m463 ms - 79[39m
[35m[HTTP][39m [90m[39m
[35m[HTTP][39m [37m-->[39m [37mPOST[39m [37m/wd/hub/session/9411680c-3cdf-44c2-867b-e2ab9ec2aaa7/elements[39m
[35m[HTTP][39m [90m{"using":"xpath","value":"//*[@class = 'android.widget.TextView' and (@text = 'Akun' or . = 'Akun') and @resource-id = 'id.binar.fp.secondhand:id/navigation_bar_item_small_label_view']"}[39m
[debug] [35m[W3C (9411680c)][39m Calling AppiumDriver.findElements() with args: ["xpath","//*[@class = 'android.widget.TextView' and (@text = 'Akun' or . = 'Akun') and @resource-id = 'id.binar.fp.secondhand:id/navigation_bar_item_small_label_view']","9411680c-3cdf-44c2-867b-e2ab9ec2aaa7"]
[debug] [35m[BaseDriver][39m Valid locator strategies for this request: xpath, id, class name, accessibility id, css selector, -android uiautomator
[debug] [35m[BaseDriver][39m Waiting up to 50 ms for condition
[debug] [35m[WD Proxy][39m Matched '/elements' to command name 'findElements'
[debug] [35m[WD Proxy][39m Proxying [POST /elements] to [POST http://127.0.0.1:56465/wd/hub/session/5e04b061-ee61-4650-8992-353d04ad5641/elements] with body: {"strategy":"xpath","selector":"//*[@class = 'android.widget.TextView' and (@text = 'Akun' or . = 'Akun') and @resource-id = 'id.binar.fp.secondhand:id/navigation_bar_item_small_label_view']","context":"","multiple":true}
[debug] [35m[WD Proxy][39m Got response with status 200: {"sessionId":"5e04b061-ee61-4650-8992-353d04ad5641","value":[{"ELEMENT":"00000000-0000-1482-ffff-ffff0000020b","element-6066-11e4-a52e-4f735466cecf":"00000000-0000-1482-ffff-ffff0000020b"}]}
[debug] [35m[W3C (9411680c)][39m Responding to client with driver.findElements() result: [{"element-6066-11e4-a52e-4f735466cecf":"00000000-0000-1482-ffff-ffff0000020b","ELEMENT":"00000000-0000-1482-ffff-ffff0000020b"}]
[35m[HTTP][39m [37m<-- POST /wd/hub/session/9411680c-3cdf-44c2-867b-e2ab9ec2aaa7/elements [39m[32m200[39m [90m384 ms - 139[39m
[35m[HTTP][39m [90m[39m
[35m[HTTP][39m [37m-->[39m [37mGET[39m [37m/wd/hub/session/9411680c-3cdf-44c2-867b-e2ab9ec2aaa7/element/00000000-0000-1482-ffff-ffff0000020b/location[39m
[35m[HTTP][39m [90m{}[39m
[35m[W3C (9411680c)][39m Driver proxy active, passing request on via HTTP proxy
[debug] [35m[WD Proxy][39m Matched '/wd/hub/session/9411680c-3cdf-44c2-867b-e2ab9ec2aaa7/element/00000000-0000-1482-ffff-ffff0000020b/location' to command name 'getLocation'
[debug] [35m[WD Proxy][39m Proxying [GET /wd/hub/session/9411680c-3cdf-44c2-867b-e2ab9ec2aaa7/element/00000000-0000-1482-ffff-ffff0000020b/location] to [GET http://127.0.0.1:56465/wd/hub/session/5e04b061-ee61-4650-8992-353d04ad5641/element/00000000-0000-1482-ffff-ffff0000020b/location] with no body
[debug] [35m[WD Proxy][39m Got response with status 200: {"sessionId":"5e04b061-ee61-4650-8992-353d04ad5641","value":{"x":929,"y":2200}}
[35m[WD Proxy][39m Replacing sessionId 5e04b061-ee61-4650-8992-353d04ad5641 with 9411680c-3cdf-44c2-867b-e2ab9ec2aaa7
[35m[HTTP][39m [37m<-- GET /wd/hub/session/9411680c-3cdf-44c2-867b-e2ab9ec2aaa7/element/00000000-0000-1482-ffff-ffff0000020b/location [39m[32m200[39m [90m24 ms - 79[39m
[35m[HTTP][39m [90m[39m
[35m[HTTP][39m [37m-->[39m [37mPOST[39m [37m/wd/hub/session/9411680c-3cdf-44c2-867b-e2ab9ec2aaa7/elements[39m
[35m[HTTP][39m [90m{"using":"xpath","value":"//*[@class = 'android.widget.TextView' and (@text = 'Akun' or . = 'Akun') and @resource-id = 'id.binar.fp.secondhand:id/navigation_bar_item_small_label_view']"}[39m
[debug] [35m[W3C (9411680c)][39m Calling AppiumDriver.findElements() with args: ["xpath","//*[@class = 'android.widget.TextView' and (@text = 'Akun' or . = 'Akun') and @resource-id = 'id.binar.fp.secondhand:id/navigation_bar_item_small_label_view']","9411680c-3cdf-44c2-867b-e2ab9ec2aaa7"]
[debug] [35m[BaseDriver][39m Valid locator strategies for this request: xpath, id, class name, accessibility id, css selector, -android uiautomator
[debug] [35m[BaseDriver][39m Waiting up to 50 ms for condition
[debug] [35m[WD Proxy][39m Matched '/elements' to command name 'findElements'
[debug] [35m[WD Proxy][39m Proxying [POST /elements] to [POST http://127.0.0.1:56465/wd/hub/session/5e04b061-ee61-4650-8992-353d04ad5641/elements] with body: {"strategy":"xpath","selector":"//*[@class = 'android.widget.TextView' and (@text = 'Akun' or . = 'Akun') and @resource-id = 'id.binar.fp.secondhand:id/navigation_bar_item_small_label_view']","context":"","multiple":true}
[debug] [35m[WD Proxy][39m Got response with status 200: {"sessionId":"5e04b061-ee61-4650-8992-353d04ad5641","value":[{"ELEMENT":"00000000-0000-1482-ffff-ffff0000020b","element-6066-11e4-a52e-4f735466cecf":"00000000-0000-1482-ffff-ffff0000020b"}]}
[debug] [35m[W3C (9411680c)][39m Responding to client with driver.findElements() result: [{"element-6066-11e4-a52e-4f735466cecf":"00000000-0000-1482-ffff-ffff0000020b","ELEMENT":"00000000-0000-1482-ffff-ffff0000020b"}]
[35m[HTTP][39m [37m<-- POST /wd/hub/session/9411680c-3cdf-44c2-867b-e2ab9ec2aaa7/elements [39m[32m200[39m [90m392 ms - 139[39m
[35m[HTTP][39m [90m[39m
[35m[HTTP][39m [37m-->[39m [37mGET[39m [37m/wd/hub/session/9411680c-3cdf-44c2-867b-e2ab9ec2aaa7/element/00000000-0000-1482-ffff-ffff0000020b/location[39m
[35m[HTTP][39m [90m{}[39m
[35m[W3C (9411680c)][39m Driver proxy active, passing request on via HTTP proxy
[debug] [35m[WD Proxy][39m Matched '/wd/hub/session/9411680c-3cdf-44c2-867b-e2ab9ec2aaa7/element/00000000-0000-1482-ffff-ffff0000020b/location' to command name 'getLocation'
[debug] [35m[WD Proxy][39m Proxying [GET /wd/hub/session/9411680c-3cdf-44c2-867b-e2ab9ec2aaa7/element/00000000-0000-1482-ffff-ffff0000020b/location] to [GET http://127.0.0.1:56465/wd/hub/session/5e04b061-ee61-4650-8992-353d04ad5641/element/00000000-0000-1482-ffff-ffff0000020b/location] with no body
[debug] [35m[WD Proxy][39m Got response with status 200: {"sessionId":"5e04b061-ee61-4650-8992-353d04ad5641","value":{"x":929,"y":2200}}
[35m[WD Proxy][39m Replacing sessionId 5e04b061-ee61-4650-8992-353d04ad5641 with 9411680c-3cdf-44c2-867b-e2ab9ec2aaa7
[35m[HTTP][39m [37m<-- GET /wd/hub/session/9411680c-3cdf-44c2-867b-e2ab9ec2aaa7/element/00000000-0000-1482-ffff-ffff0000020b/location [39m[32m200[39m [90m170 ms - 79[39m
[35m[HTTP][39m [90m[39m
[35m[HTTP][39m [37m-->[39m [37mPOST[39m [37m/wd/hub/session/9411680c-3cdf-44c2-867b-e2ab9ec2aaa7/elements[39m
[35m[HTTP][39m [90m{"using":"xpath","value":"//*[@class = 'android.widget.TextView' and (@text = 'Akun' or . = 'Akun') and @resource-id = 'id.binar.fp.secondhand:id/navigation_bar_item_small_label_view']"}[39m
[debug] [35m[W3C (9411680c)][39m Calling AppiumDriver.findElements() with args: ["xpath","//*[@class = 'android.widget.TextView' and (@text = 'Akun' or . = 'Akun') and @resource-id = 'id.binar.fp.secondhand:id/navigation_bar_item_small_label_view']","9411680c-3cdf-44c2-867b-e2ab9ec2aaa7"]
[debug] [35m[BaseDriver][39m Valid locator strategies for this request: xpath, id, class name, accessibility id, css selector, -android uiautomator
[debug] [35m[BaseDriver][39m Waiting up to 50 ms for condition
[debug] [35m[WD Proxy][39m Matched '/elements' to command name 'findElements'
[debug] [35m[WD Proxy][39m Proxying [POST /elements] to [POST http://127.0.0.1:56465/wd/hub/session/5e04b061-ee61-4650-8992-353d04ad5641/elements] with body: {"strategy":"xpath","selector":"//*[@class = 'android.widget.TextView' and (@text = 'Akun' or . = 'Akun') and @resource-id = 'id.binar.fp.secondhand:id/navigation_bar_item_small_label_view']","context":"","multiple":true}
[debug] [35m[WD Proxy][39m Got response with status 200: {"sessionId":"5e04b061-ee61-4650-8992-353d04ad5641","value":[{"ELEMENT":"00000000-0000-1482-ffff-ffff0000020b","element-6066-11e4-a52e-4f735466cecf":"00000000-0000-1482-ffff-ffff0000020b"}]}
[debug] [35m[W3C (9411680c)][39m Responding to client with driver.findElements() result: [{"element-6066-11e4-a52e-4f735466cecf":"00000000-0000-1482-ffff-ffff0000020b","ELEMENT":"00000000-0000-1482-ffff-ffff0000020b"}]
[35m[HTTP][39m [37m<-- POST /wd/hub/session/9411680c-3cdf-44c2-867b-e2ab9ec2aaa7/elements [39m[32m200[39m [90m1374 ms - 139[39m
[35m[HTTP][39m [90m[39m
[35m[HTTP][39m [37m-->[39m [37mGET[39m [37m/wd/hub/session/9411680c-3cdf-44c2-867b-e2ab9ec2aaa7/element/00000000-0000-1482-ffff-ffff0000020b/location[39m
[35m[HTTP][39m [90m{}[39m
[35m[W3C (9411680c)][39m Driver proxy active, passing request on via HTTP proxy
[debug] [35m[WD Proxy][39m Matched '/wd/hub/session/9411680c-3cdf-44c2-867b-e2ab9ec2aaa7/element/00000000-0000-1482-ffff-ffff0000020b/location' to command name 'getLocation'
[debug] [35m[WD Proxy][39m Proxying [GET /wd/hub/session/9411680c-3cdf-44c2-867b-e2ab9ec2aaa7/element/00000000-0000-1482-ffff-ffff0000020b/location] to [GET http://127.0.0.1:56465/wd/hub/session/5e04b061-ee61-4650-8992-353d04ad5641/element/00000000-0000-1482-ffff-ffff0000020b/location] with no body
[debug] [35m[WD Proxy][39m Got response with status 200: {"sessionId":"5e04b061-ee61-4650-8992-353d04ad5641","value":{"x":929,"y":2200}}
[35m[WD Proxy][39m Replacing sessionId 5e04b061-ee61-4650-8992-353d04ad5641 with 9411680c-3cdf-44c2-867b-e2ab9ec2aaa7
[35m[HTTP][39m [37m<-- GET /wd/hub/session/9411680c-3cdf-44c2-867b-e2ab9ec2aaa7/element/00000000-0000-1482-ffff-ffff0000020b/location [39m[32m200[39m [90m25 ms - 79[39m
[35m[HTTP][39m [90m[39m
[35m[HTTP][39m [37m-->[39m [37mPOST[39m [37m/wd/hub/session/9411680c-3cdf-44c2-867b-e2ab9ec2aaa7/timeouts[39m
[35m[HTTP][39m [90m{"implicit":30000}[39m
[debug] [35m[W3C (9411680c)][39m Calling AppiumDriver.timeouts() with args: [null,null,null,null,30000,"9411680c-3cdf-44c2-867b-e2ab9ec2aaa7"]
[debug] [35m[BaseDriver][39m W3C timeout argument: {"implicit":30000}}
[debug] [35m[BaseDriver][39m Set implicit wait to 30000ms
[debug] [35m[W3C (9411680c)][39m Responding to client with driver.timeouts() result: null
[35m[HTTP][39m [37m<-- POST /wd/hub/session/9411680c-3cdf-44c2-867b-e2ab9ec2aaa7/timeouts [39m[32m200[39m [90m2 ms - 14[39m
[35m[HTTP][39m [90m[39m
[35m[HTTP][39m [37m-->[39m [37mPOST[39m [37m/wd/hub/session/9411680c-3cdf-44c2-867b-e2ab9ec2aaa7/element/00000000-0000-1482-ffff-ffff0000020b/click[39m
[35m[HTTP][39m [90m{"id":"00000000-0000-1482-ffff-ffff0000020b"}[39m
[debug] [35m[W3C (9411680c)][39m Calling AppiumDriver.click() with args: ["00000000-0000-1482-ffff-ffff0000020b","9411680c-3cdf-44c2-867b-e2ab9ec2aaa7"]
[debug] [35m[WD Proxy][39m Matched '/element/00000000-0000-1482-ffff-ffff0000020b/click' to command name 'click'
[debug] [35m[WD Proxy][39m Proxying [POST /element/00000000-0000-1482-ffff-ffff0000020b/click] to [POST http://127.0.0.1:56465/wd/hub/session/5e04b061-ee61-4650-8992-353d04ad5641/element/00000000-0000-1482-ffff-ffff0000020b/click] with body: {"element":"00000000-0000-1482-ffff-ffff0000020b"}
[debug] [35m[WD Proxy][39m Got response with status 200: {"sessionId":"5e04b061-ee61-4650-8992-353d04ad5641","value":null}
[debug] [35m[W3C (9411680c)][39m Responding to client with driver.click() result: null
[35m[HTTP][39m [37m<-- POST /wd/hub/session/9411680c-3cdf-44c2-867b-e2ab9ec2aaa7/element/00000000-0000-1482-ffff-ffff0000020b/click [39m[32m200[39m [90m673 ms - 14[39m
[35m[HTTP][39m [90m[39m
[35m[HTTP][39m [37m-->[39m [37mPOST[39m [37m/wd/hub/session/9411680c-3cdf-44c2-867b-e2ab9ec2aaa7/timeouts[39m
[35m[HTTP][39m [90m{"implicit":50}[39m
[debug] [35m[W3C (9411680c)][39m Calling AppiumDriver.timeouts() with args: [null,null,null,null,50,"9411680c-3cdf-44c2-867b-e2ab9ec2aaa7"]
[debug] [35m[BaseDriver][39m W3C timeout argument: {"implicit":50}}
[debug] [35m[BaseDriver][39m Set implicit wait to 50ms
[debug] [35m[W3C (9411680c)][39m Responding to client with driver.timeouts() result: null
[35m[HTTP][39m [37m<-- POST /wd/hub/session/9411680c-3cdf-44c2-867b-e2ab9ec2aaa7/timeouts [39m[32m200[39m [90m1 ms - 14[39m
[35m[HTTP][39m [90m[39m
[35m[HTTP][39m [37m-->[39m [37mGET[39m [37m/wd/hub/session/9411680c-3cdf-44c2-867b-e2ab9ec2aaa7/window/rect[39m
[35m[HTTP][39m [90m{}[39m
[debug] [35m[W3C (9411680c)][39m Calling AppiumDriver.getWindowRect() with args: ["9411680c-3cdf-44c2-867b-e2ab9ec2aaa7"]
[debug] [35m[WD Proxy][39m Matched '/window/current/size' to command name 'getWindowSize'
[debug] [35m[WD Proxy][39m Proxying [GET /window/current/size] to [GET http://127.0.0.1:56465/wd/hub/session/5e04b061-ee61-4650-8992-353d04ad5641/window/current/size] with no body
[debug] [35m[WD Proxy][39m Got response with status 200: {"sessionId":"5e04b061-ee61-4650-8992-353d04ad5641","value":{"height":2179,"width":1080}}
[debug] [35m[W3C (9411680c)][39m Responding to client with driver.getWindowRect() result: {"width":1080,"height":2179,"x":0,"y":0}
[35m[HTTP][39m [37m<-- GET /wd/hub/session/9411680c-3cdf-44c2-867b-e2ab9ec2aaa7/window/rect [39m[32m200[39m [90m22 ms - 50[39m
[35m[HTTP][39m [90m[39m
[35m[HTTP][39m [37m-->[39m [37mPOST[39m [37m/wd/hub/session/9411680c-3cdf-44c2-867b-e2ab9ec2aaa7/elements[39m
[35m[HTTP][39m [90m{"using":"xpath","value":"//*[@class = 'android.widget.Button' and (@text = 'Masuk' or . = 'Masuk') and @resource-id = 'id.binar.fp.secondhand:id/btn_login']"}[39m
[debug] [35m[W3C (9411680c)][39m Calling AppiumDriver.findElements() with args: ["xpath","//*[@class = 'android.widget.Button' and (@text = 'Masuk' or . = 'Masuk') and @resource-id = 'id.binar.fp.secondhand:id/btn_login']","9411680c-3cdf-44c2-867b-e2ab9ec2aaa7"]
[debug] [35m[BaseDriver][39m Valid locator strategies for this request: xpath, id, class name, accessibility id, css selector, -android uiautomator
[debug] [35m[BaseDriver][39m Waiting up to 50 ms for condition
[debug] [35m[WD Proxy][39m Matched '/elements' to command name 'findElements'
[debug] [35m[WD Proxy][39m Proxying [POST /elements] to [POST http://127.0.0.1:56465/wd/hub/session/5e04b061-ee61-4650-8992-353d04ad5641/elements] with body: {"strategy":"xpath","selector":"//*[@class = 'android.widget.Button' and (@text = 'Masuk' or . = 'Masuk') and @resource-id = 'id.binar.fp.secondhand:id/btn_login']","context":"","multiple":true}
[debug] [35m[WD Proxy][39m Got response with status 200: {"sessionId":"5e04b061-ee61-4650-8992-353d04ad5641","value":[]}
[debug] [35m[W3C (9411680c)][39m Responding to client with driver.findElements() result: []
[35m[HTTP][39m [37m<-- POST /wd/hub/session/9411680c-3cdf-44c2-867b-e2ab9ec2aaa7/elements [39m[32m200[39m [90m138 ms - 12[39m
[35m[HTTP][39m [90m[39m
[35m[HTTP][39m [37m-->[39m [37mPOST[39m [37m/wd/hub/session/9411680c-3cdf-44c2-867b-e2ab9ec2aaa7/elements[39m
[35m[HTTP][39m [90m{"using":"xpath","value":"//*[@class = 'android.widget.Button' and (@text = 'Masuk' or . = 'Masuk') and @resource-id = 'id.binar.fp.secondhand:id/btn_login']"}[39m
[debug] [35m[W3C (9411680c)][39m Calling AppiumDriver.findElements() with args: ["xpath","//*[@class = 'android.widget.Button' and (@text = 'Masuk' or . = 'Masuk') and @resource-id = 'id.binar.fp.secondhand:id/btn_login']","9411680c-3cdf-44c2-867b-e2ab9ec2aaa7"]
[debug] [35m[BaseDriver][39m Valid locator strategies for this request: xpath, id, class name, accessibility id, css selector, -android uiautomator
[debug] [35m[BaseDriver][39m Waiting up to 50 ms for condition
[debug] [35m[WD Proxy][39m Matched '/elements' to command name 'findElements'
[debug] [35m[WD Proxy][39m Proxying [POST /elements] to [POST http://127.0.0.1:56465/wd/hub/session/5e04b061-ee61-4650-8992-353d04ad5641/elements] with body: {"strategy":"xpath","selector":"//*[@class = 'android.widget.Button' and (@text = 'Masuk' or . = 'Masuk') and @resource-id = 'id.binar.fp.secondhand:id/btn_login']","context":"","multiple":true}
[debug] [35m[WD Proxy][39m Got response with status 200: {"sessionId":"5e04b061-ee61-4650-8992-353d04ad5641","value":[]}
[debug] [35m[W3C (9411680c)][39m Responding to client with driver.findElements() result: []
[35m[HTTP][39m [37m<-- POST /wd/hub/session/9411680c-3cdf-44c2-867b-e2ab9ec2aaa7/elements [39m[32m200[39m [90m581 ms - 12[39m
[35m[HTTP][39m [90m[39m
[35m[HTTP][39m [37m-->[39m [37mPOST[39m [37m/wd/hub/session/9411680c-3cdf-44c2-867b-e2ab9ec2aaa7/elements[39m
[35m[HTTP][39m [90m{"using":"xpath","value":"//*[@class = 'android.widget.Button' and (@text = 'Masuk' or . = 'Masuk') and @resource-id = 'id.binar.fp.secondhand:id/btn_login']"}[39m
[debug] [35m[W3C (9411680c)][39m Calling AppiumDriver.findElements() with args: ["xpath","//*[@class = 'android.widget.Button' and (@text = 'Masuk' or . = 'Masuk') and @resource-id = 'id.binar.fp.secondhand:id/btn_login']","9411680c-3cdf-44c2-867b-e2ab9ec2aaa7"]
[debug] [35m[BaseDriver][39m Valid locator strategies for this request: xpath, id, class name, accessibility id, css selector, -android uiautomator
[debug] [35m[BaseDriver][39m Waiting up to 50 ms for condition
[debug] [35m[WD Proxy][39m Matched '/elements' to command name 'findElements'
[debug] [35m[WD Proxy][39m Proxying [POST /elements] to [POST http://127.0.0.1:56465/wd/hub/session/5e04b061-ee61-4650-8992-353d04ad5641/elements] with body: {"strategy":"xpath","selector":"//*[@class = 'android.widget.Button' and (@text = 'Masuk' or . = 'Masuk') and @resource-id = 'id.binar.fp.secondhand:id/btn_login']","context":"","multiple":true}
[debug] [35m[WD Proxy][39m Got response with status 200: {"sessionId":"5e04b061-ee61-4650-8992-353d04ad5641","value":[]}
[debug] [35m[W3C (9411680c)][39m Responding to client with driver.findElements() result: []
[35m[HTTP][39m [37m<-- POST /wd/hub/session/9411680c-3cdf-44c2-867b-e2ab9ec2aaa7/elements [39m[32m200[39m [90m2272 ms - 12[39m
[35m[HTTP][39m [90m[39m
[35m[HTTP][39m [37m-->[39m [37mPOST[39m [37m/wd/hub/session/9411680c-3cdf-44c2-867b-e2ab9ec2aaa7/timeouts[39m
[35m[HTTP][39m [90m{"implicit":30000}[39m
[debug] [35m[W3C (9411680c)][39m Calling AppiumDriver.timeouts() with args: [null,null,null,null,30000,"9411680c-3cdf-44c2-867b-e2ab9ec2aaa7"]
[debug] [35m[BaseDriver][39m W3C timeout argument: {"implicit":30000}}
[debug] [35m[BaseDriver][39m Set implicit wait to 30000ms
[debug] [35m[W3C (9411680c)][39m Responding to client with driver.timeouts() result: null
[35m[HTTP][39m [37m<-- POST /wd/hub/session/9411680c-3cdf-44c2-867b-e2ab9ec2aaa7/timeouts [39m[32m200[39m [90m1 ms - 14[39m
[35m[HTTP][39m [90m[39m
[35m[HTTP][39m [37m-->[39m [37mPOST[39m [37m/wd/hub/session/9411680c-3cdf-44c2-867b-e2ab9ec2aaa7/timeouts[39m
[35m[HTTP][39m [90m{"implicit":50}[39m
[debug] [35m[W3C (9411680c)][39m Calling AppiumDriver.timeouts() with args: [null,null,null,null,50,"9411680c-3cdf-44c2-867b-e2ab9ec2aaa7"]
[debug] [35m[BaseDriver][39m W3C timeout argument: {"implicit":50}}
[debug] [35m[BaseDriver][39m Set implicit wait to 50ms
[debug] [35m[W3C (9411680c)][39m Responding to client with driver.timeouts() result: null
[35m[HTTP][39m [37m<-- POST /wd/hub/session/9411680c-3cdf-44c2-867b-e2ab9ec2aaa7/timeouts [39m[32m200[39m [90m1 ms - 14[39m
[35m[HTTP][39m [90m[39m
[35m[HTTP][39m [37m-->[39m [37mGET[39m [37m/wd/hub/session/9411680c-3cdf-44c2-867b-e2ab9ec2aaa7/window/rect[39m
[35m[HTTP][39m [90m{}[39m
[debug] [35m[W3C (9411680c)][39m Calling AppiumDriver.getWindowRect() with args: ["9411680c-3cdf-44c2-867b-e2ab9ec2aaa7"]
[debug] [35m[WD Proxy][39m Matched '/window/current/size' to command name 'getWindowSize'
[debug] [35m[WD Proxy][39m Proxying [GET /window/current/size] to [GET http://127.0.0.1:56465/wd/hub/session/5e04b061-ee61-4650-8992-353d04ad5641/window/current/size] with no body
[debug] [35m[WD Proxy][39m Got response with status 200: {"sessionId":"5e04b061-ee61-4650-8992-353d04ad5641","value":{"height":2179,"width":1080}}
[debug] [35m[W3C (9411680c)][39m Responding to client with driver.getWindowRect() result: {"width":1080,"height":2179,"x":0,"y":0}
[35m[HTTP][39m [37m<-- GET /wd/hub/session/9411680c-3cdf-44c2-867b-e2ab9ec2aaa7/window/rect [39m[32m200[39m [90m16 ms - 50[39m
[35m[HTTP][39m [90m[39m
[35m[HTTP][39m [37m-->[39m [37mPOST[39m [37m/wd/hub/session/9411680c-3cdf-44c2-867b-e2ab9ec2aaa7/elements[39m
[35m[HTTP][39m [90m{"using":"xpath","value":"//*[@class = 'android.widget.Button' and (@text = 'Masuk' or . = 'Masuk') and @resource-id = 'id.binar.fp.secondhand:id/btn_login']"}[39m
[debug] [35m[W3C (9411680c)][39m Calling AppiumDriver.findElements() with args: ["xpath","//*[@class = 'android.widget.Button' and (@text = 'Masuk' or . = 'Masuk') and @resource-id = 'id.binar.fp.secondhand:id/btn_login']","9411680c-3cdf-44c2-867b-e2ab9ec2aaa7"]
[debug] [35m[BaseDriver][39m Valid locator strategies for this request: xpath, id, class name, accessibility id, css selector, -android uiautomator
[debug] [35m[BaseDriver][39m Waiting up to 50 ms for condition
[debug] [35m[WD Proxy][39m Matched '/elements' to command name 'findElements'
[debug] [35m[WD Proxy][39m Proxying [POST /elements] to [POST http://127.0.0.1:56465/wd/hub/session/5e04b061-ee61-4650-8992-353d04ad5641/elements] with body: {"strategy":"xpath","selector":"//*[@class = 'android.widget.Button' and (@text = 'Masuk' or . = 'Masuk') and @resource-id = 'id.binar.fp.secondhand:id/btn_login']","context":"","multiple":true}
[35m[HTTP][39m [37m<-- POST /wd/hub/session/9411680c-3cdf-44c2-867b-e2ab9ec2aaa7/elements [39m[32m-[39m [90m- ms - -[39m
[35m[HTTP][39m [90m[39m
[debug] [35m[WD Proxy][39m Got response with status 200: {"sessionId":"5e04b061-ee61-4650-8992-353d04ad5641","value":[]}
[debug] [35m[W3C (9411680c)][39m Responding to client with driver.findElements() result: []
[debug] [35m[Instrumentation][39m .
[debug] [35m[Instrumentation][39m Time: 65.187
[debug] [35m[Instrumentation][39m 
[debug] [35m[Instrumentation][39m OK (1 test)
[debug] [35m[Instrumentation][39m The process has exited with code 0
